<?xml version="1.0" encoding="UTF-8" standalone="yes"?><!DOCTYPE report PUBLIC "-//JACOCO//DTD Report 1.0//EN" "report.dtd"><report name="gturbine-maven-plugin"><group name="gturbine-loader-tools"><package name="org/excellentcoder/gturbine/loader/tools"><class name="org/excellentcoder/gturbine/loader/tools/MainClassFinder$ClassDescriptor"><method name="&lt;init&gt;" desc="()V" line="285"><counter type="INSTRUCTION" missed="9" covered="0"/><counter type="LINE" missed="3" covered="0"/><counter type="COMPLEXITY" missed="1" covered="0"/><counter type="METHOD" missed="1" covered="0"/></method><method name="visitAnnotation" desc="(Ljava/lang/String;Z)Lorg/springframework/asm/AnnotationVisitor;" line="295"><counter type="INSTRUCTION" missed="9" covered="0"/><counter type="LINE" missed="2" covered="0"/><counter type="COMPLEXITY" missed="1" covered="0"/><counter type="METHOD" missed="1" covered="0"/></method><method name="visitMethod" desc="(ILjava/lang/String;Ljava/lang/String;Ljava/lang/String;[Ljava/lang/String;)Lorg/springframework/asm/MethodVisitor;" line="301"><counter type="INSTRUCTION" missed="28" covered="0"/><counter type="BRANCH" missed="6" covered="0"/><counter type="LINE" missed="4" covered="0"/><counter type="COMPLEXITY" missed="4" covered="0"/><counter type="METHOD" missed="1" covered="0"/></method><method name="isAccess" desc="(I[I)Z" line="309"><counter type="INSTRUCTION" missed="24" covered="0"/><counter type="BRANCH" missed="4" covered="0"/><counter type="LINE" missed="4" covered="0"/><counter type="COMPLEXITY" missed="3" covered="0"/><counter type="METHOD" missed="1" covered="0"/></method><method name="isMainMethodFound" desc="()Z" line="318"><counter type="INSTRUCTION" missed="3" covered="0"/><counter type="LINE" missed="1" covered="0"/><counter type="COMPLEXITY" missed="1" covered="0"/><counter type="METHOD" missed="1" covered="0"/></method><method name="getAnnotationNames" desc="()Ljava/util/Set;" line="322"><counter type="INSTRUCTION" missed="3" covered="0"/><counter type="LINE" missed="1" covered="0"/><counter type="COMPLEXITY" missed="1" covered="0"/><counter type="METHOD" missed="1" covered="0"/></method><counter type="INSTRUCTION" missed="76" covered="0"/><counter type="BRANCH" missed="10" covered="0"/><counter type="LINE" missed="15" covered="0"/><counter type="COMPLEXITY" missed="11" covered="0"/><counter type="METHOD" missed="6" covered="0"/><counter type="CLASS" missed="1" covered="0"/></class><class name="org/excellentcoder/gturbine/loader/tools/JarWriter$LibraryUnpackHandler"><method name="&lt;init&gt;" desc="(Lorg/excellentcoder/gturbine/loader/tools/Library;)V" line="495"><counter type="INSTRUCTION" missed="6" covered="0"/><counter type="LINE" missed="3" covered="0"/><counter type="COMPLEXITY" missed="1" covered="0"/><counter type="METHOD" missed="1" covered="0"/></method><method name="requiresUnpack" desc="(Ljava/lang/String;)Z" line="501"><counter type="INSTRUCTION" missed="4" covered="0"/><counter type="LINE" missed="1" covered="0"/><counter type="COMPLEXITY" missed="1" covered="0"/><counter type="METHOD" missed="1" covered="0"/></method><method name="sha1Hash" desc="(Ljava/lang/String;)Ljava/lang/String;" line="506"><counter type="INSTRUCTION" missed="5" covered="0"/><counter type="LINE" missed="1" covered="0"/><counter type="COMPLEXITY" missed="1" covered="0"/><counter type="METHOD" missed="1" covered="0"/></method><counter type="INSTRUCTION" missed="15" covered="0"/><counter type="LINE" missed="5" covered="0"/><counter type="COMPLEXITY" missed="3" covered="0"/><counter type="METHOD" missed="3" covered="0"/><counter type="CLASS" missed="1" covered="0"/></class><class name="org/excellentcoder/gturbine/loader/tools/Layouts$War"><method name="&lt;init&gt;" desc="()V" line="124"><counter type="INSTRUCTION" missed="3" covered="0"/><counter type="LINE" missed="1" covered="0"/><counter type="COMPLEXITY" missed="1" covered="0"/><counter type="METHOD" missed="1" covered="0"/></method><method name="getLauncherClassName" desc="()Ljava/lang/String;" line="139"><counter type="INSTRUCTION" missed="2" covered="0"/><counter type="LINE" missed="1" covered="0"/><counter type="COMPLEXITY" missed="1" covered="0"/><counter type="METHOD" missed="1" covered="0"/></method><method name="getLibraryDestination" desc="(Ljava/lang/String;Lorg/excellentcoder/gturbine/loader/tools/LibraryScope;)Ljava/lang/String;" line="144"><counter type="INSTRUCTION" missed="5" covered="0"/><counter type="LINE" missed="1" covered="0"/><counter type="COMPLEXITY" missed="1" covered="0"/><counter type="METHOD" missed="1" covered="0"/></method><method name="getClassesLocation" desc="()Ljava/lang/String;" line="149"><counter type="INSTRUCTION" missed="2" covered="0"/><counter type="LINE" missed="1" covered="0"/><counter type="COMPLEXITY" missed="1" covered="0"/><counter type="METHOD" missed="1" covered="0"/></method><method name="isExecutable" desc="()Z" line="154"><counter type="INSTRUCTION" missed="2" covered="0"/><counter type="LINE" missed="1" covered="0"/><counter type="COMPLEXITY" missed="1" covered="0"/><counter type="METHOD" missed="1" covered="0"/></method><method name="&lt;clinit&gt;" desc="()V" line="129"><counter type="INSTRUCTION" missed="28" covered="0"/><counter type="LINE" missed="7" covered="0"/><counter type="COMPLEXITY" missed="1" covered="0"/><counter type="METHOD" missed="1" covered="0"/></method><counter type="INSTRUCTION" missed="42" covered="0"/><counter type="LINE" missed="12" covered="0"/><counter type="COMPLEXITY" missed="6" covered="0"/><counter type="METHOD" missed="6" covered="0"/><counter type="CLASS" missed="1" covered="0"/></class><class name="org/excellentcoder/gturbine/loader/tools/Libraries"><method name="lambda$static$1" desc="(Lorg/excellentcoder/gturbine/loader/tools/LibraryCallback;)V" line="34"><counter type="INSTRUCTION" missed="1" covered="0"/><counter type="LINE" missed="1" covered="0"/><counter type="COMPLEXITY" missed="1" covered="0"/><counter type="METHOD" missed="1" covered="0"/></method><method name="&lt;clinit&gt;" desc="()V" line="33"><counter type="INSTRUCTION" missed="3" covered="0"/><counter type="LINE" missed="1" covered="0"/><counter type="COMPLEXITY" missed="1" covered="0"/><counter type="METHOD" missed="1" covered="0"/></method><counter type="INSTRUCTION" missed="4" covered="0"/><counter type="LINE" missed="2" covered="0"/><counter type="COMPLEXITY" missed="2" covered="0"/><counter type="METHOD" missed="2" covered="0"/><counter type="CLASS" missed="1" covered="0"/></class><class name="org/excellentcoder/gturbine/loader/tools/MainClassFinder$SingleMainClassCallback"><method name="&lt;init&gt;" desc="(Ljava/lang/String;)V" line="408"><counter type="INSTRUCTION" missed="11" covered="0"/><counter type="LINE" missed="4" covered="0"/><counter type="COMPLEXITY" missed="1" covered="0"/><counter type="METHOD" missed="1" covered="0"/></method><method name="doWith" desc="(Lorg/excellentcoder/gturbine/loader/tools/MainClassFinder$MainClass;)Ljava/lang/Object;" line="418"><counter type="INSTRUCTION" missed="7" covered="0"/><counter type="LINE" missed="2" covered="0"/><counter type="COMPLEXITY" missed="1" covered="0"/><counter type="METHOD" missed="1" covered="0"/></method><method name="getMainClassName" desc="()Ljava/lang/String;" line="423"><counter type="INSTRUCTION" missed="64" covered="0"/><counter type="BRANCH" missed="12" covered="0"/><counter type="LINE" missed="11" covered="0"/><counter type="COMPLEXITY" missed="7" covered="0"/><counter type="METHOD" missed="1" covered="0"/></method><counter type="INSTRUCTION" missed="82" covered="0"/><counter type="BRANCH" missed="12" covered="0"/><counter type="LINE" missed="17" covered="0"/><counter type="COMPLEXITY" missed="9" covered="0"/><counter type="METHOD" missed="3" covered="0"/><counter type="CLASS" missed="1" covered="0"/></class><class name="org/excellentcoder/gturbine/loader/tools/LibraryScope"><method name="&lt;clinit&gt;" desc="()V" line="35"><counter type="INSTRUCTION" missed="17" covered="0"/><counter type="LINE" missed="4" covered="0"/><counter type="COMPLEXITY" missed="1" covered="0"/><counter type="METHOD" missed="1" covered="0"/></method><counter type="INSTRUCTION" missed="17" covered="0"/><counter type="LINE" missed="4" covered="0"/><counter type="COMPLEXITY" missed="1" covered="0"/><counter type="METHOD" missed="1" covered="0"/><counter type="CLASS" missed="1" covered="0"/></class><class name="org/excellentcoder/gturbine/loader/tools/BuildPropertiesWriter"><method name="&lt;init&gt;" desc="(Ljava/io/File;)V" line="46"><counter type="INSTRUCTION" missed="6" covered="0"/><counter type="LINE" missed="3" covered="0"/><counter type="COMPLEXITY" missed="1" covered="0"/><counter type="METHOD" missed="1" covered="0"/></method><method name="writeBuildProperties" desc="(Lorg/excellentcoder/gturbine/loader/tools/BuildPropertiesWriter$ProjectDetails;)V" line="51"><counter type="INSTRUCTION" missed="58" covered="0"/><counter type="BRANCH" missed="8" covered="0"/><counter type="LINE" missed="6" covered="0"/><counter type="COMPLEXITY" missed="5" covered="0"/><counter type="METHOD" missed="1" covered="0"/></method><method name="createFileIfNecessary" desc="(Ljava/io/File;)V" line="59"><counter type="INSTRUCTION" missed="49" covered="0"/><counter type="BRANCH" missed="8" covered="0"/><counter type="LINE" missed="10" covered="0"/><counter type="COMPLEXITY" missed="5" covered="0"/><counter type="METHOD" missed="1" covered="0"/></method><method name="createBuildInfo" desc="(Lorg/excellentcoder/gturbine/loader/tools/BuildPropertiesWriter$ProjectDetails;)Ljava/util/Properties;" line="74"><counter type="INSTRUCTION" missed="48" covered="0"/><counter type="BRANCH" missed="4" covered="0"/><counter type="LINE" missed="10" covered="0"/><counter type="COMPLEXITY" missed="3" covered="0"/><counter type="METHOD" missed="1" covered="0"/></method><method name="lambda$createBuildInfo$2" desc="(Ljava/util/Properties;Ljava/lang/String;Ljava/lang/String;)V" line="83"><counter type="INSTRUCTION" missed="13" covered="0"/><counter type="LINE" missed="1" covered="0"/><counter type="COMPLEXITY" missed="1" covered="0"/><counter type="METHOD" missed="1" covered="0"/></method><counter type="INSTRUCTION" missed="174" covered="0"/><counter type="BRANCH" missed="20" covered="0"/><counter type="LINE" missed="29" covered="0"/><counter type="COMPLEXITY" missed="15" covered="0"/><counter type="METHOD" missed="5" covered="0"/><counter type="CLASS" missed="1" covered="0"/></class><class name="org/excellentcoder/gturbine/loader/tools/Layouts$Jar"><method name="&lt;init&gt;" desc="()V" line="63"><counter type="INSTRUCTION" missed="3" covered="0"/><counter type="LINE" missed="1" covered="0"/><counter type="COMPLEXITY" missed="1" covered="0"/><counter type="METHOD" missed="1" covered="0"/></method><method name="getLauncherClassName" desc="()Ljava/lang/String;" line="67"><counter type="INSTRUCTION" missed="2" covered="0"/><counter type="LINE" missed="1" covered="0"/><counter type="COMPLEXITY" missed="1" covered="0"/><counter type="METHOD" missed="1" covered="0"/></method><method name="getLibraryDestination" desc="(Ljava/lang/String;Lorg/excellentcoder/gturbine/loader/tools/LibraryScope;)Ljava/lang/String;" line="72"><counter type="INSTRUCTION" missed="2" covered="0"/><counter type="LINE" missed="1" covered="0"/><counter type="COMPLEXITY" missed="1" covered="0"/><counter type="METHOD" missed="1" covered="0"/></method><method name="getClassesLocation" desc="()Ljava/lang/String;" line="77"><counter type="INSTRUCTION" missed="2" covered="0"/><counter type="LINE" missed="1" covered="0"/><counter type="COMPLEXITY" missed="1" covered="0"/><counter type="METHOD" missed="1" covered="0"/></method><method name="getRepackagedClassesLocation" desc="()Ljava/lang/String;" line="82"><counter type="INSTRUCTION" missed="2" covered="0"/><counter type="LINE" missed="1" covered="0"/><counter type="COMPLEXITY" missed="1" covered="0"/><counter type="METHOD" missed="1" covered="0"/></method><method name="isExecutable" desc="()Z" line="87"><counter type="INSTRUCTION" missed="2" covered="0"/><counter type="LINE" missed="1" covered="0"/><counter type="COMPLEXITY" missed="1" covered="0"/><counter type="METHOD" missed="1" covered="0"/></method><counter type="INSTRUCTION" missed="13" covered="0"/><counter type="LINE" missed="6" covered="0"/><counter type="COMPLEXITY" missed="6" covered="0"/><counter type="METHOD" missed="6" covered="0"/><counter type="CLASS" missed="1" covered="0"/></class><class name="org/excellentcoder/gturbine/loader/tools/MainClassFinder"><method name="&lt;init&gt;" desc="()V" line="55"><counter type="INSTRUCTION" missed="3" covered="0"/><counter type="LINE" missed="1" covered="0"/><counter type="COMPLEXITY" missed="1" covered="0"/><counter type="METHOD" missed="1" covered="0"/></method><method name="isClassFile" desc="(Ljava/io/File;)Z" line="70"><counter type="INSTRUCTION" missed="12" covered="0"/><counter type="BRANCH" missed="4" covered="0"/><counter type="LINE" missed="1" covered="0"/><counter type="COMPLEXITY" missed="3" covered="0"/><counter type="METHOD" missed="1" covered="0"/></method><method name="isPackageFolder" desc="(Ljava/io/File;)Z" line="74"><counter type="INSTRUCTION" missed="12" covered="0"/><counter type="BRANCH" missed="4" covered="0"/><counter type="LINE" missed="1" covered="0"/><counter type="COMPLEXITY" missed="3" covered="0"/><counter type="METHOD" missed="1" covered="0"/></method><method name="findMainClass" desc="(Ljava/io/File;)Ljava/lang/String;" line="84"><counter type="INSTRUCTION" missed="5" covered="0"/><counter type="LINE" missed="1" covered="0"/><counter type="COMPLEXITY" missed="1" covered="0"/><counter type="METHOD" missed="1" covered="0"/></method><method name="findSingleMainClass" desc="(Ljava/io/File;)Ljava/lang/String;" line="94"><counter type="INSTRUCTION" missed="4" covered="0"/><counter type="LINE" missed="1" covered="0"/><counter type="COMPLEXITY" missed="1" covered="0"/><counter type="METHOD" missed="1" covered="0"/></method><method name="findSingleMainClass" desc="(Ljava/io/File;Ljava/lang/String;)Ljava/lang/String;" line="108"><counter type="INSTRUCTION" missed="13" covered="0"/><counter type="LINE" missed="3" covered="0"/><counter type="COMPLEXITY" missed="1" covered="0"/><counter type="METHOD" missed="1" covered="0"/></method><method name="doWithMainClasses" desc="(Ljava/io/File;Lorg/excellentcoder/gturbine/loader/tools/MainClassFinder$MainClassCallback;)Ljava/lang/Object;" line="123"><counter type="INSTRUCTION" missed="151" covered="0"/><counter type="BRANCH" missed="28" covered="0"/><counter type="LINE" missed="23" covered="0"/><counter type="COMPLEXITY" missed="15" covered="0"/><counter type="METHOD" missed="1" covered="0"/></method><method name="pushAllSorted" desc="(Ljava/util/Deque;[Ljava/io/File;)V" line="155"><counter type="INSTRUCTION" missed="24" covered="0"/><counter type="BRANCH" missed="2" covered="0"/><counter type="LINE" missed="4" covered="0"/><counter type="COMPLEXITY" missed="2" covered="0"/><counter type="METHOD" missed="1" covered="0"/></method><method name="findMainClass" desc="(Ljava/util/jar/JarFile;Ljava/lang/String;)Ljava/lang/String;" line="169"><counter type="INSTRUCTION" missed="6" covered="0"/><counter type="LINE" missed="1" covered="0"/><counter type="COMPLEXITY" missed="1" covered="0"/><counter type="METHOD" missed="1" covered="0"/></method><method name="findSingleMainClass" desc="(Ljava/util/jar/JarFile;Ljava/lang/String;)Ljava/lang/String;" line="180"><counter type="INSTRUCTION" missed="5" covered="0"/><counter type="LINE" missed="1" covered="0"/><counter type="COMPLEXITY" missed="1" covered="0"/><counter type="METHOD" missed="1" covered="0"/></method><method name="findSingleMainClass" desc="(Ljava/util/jar/JarFile;Ljava/lang/String;Ljava/lang/String;)Ljava/lang/String;" line="196"><counter type="INSTRUCTION" missed="14" covered="0"/><counter type="LINE" missed="3" covered="0"/><counter type="COMPLEXITY" missed="1" covered="0"/><counter type="METHOD" missed="1" covered="0"/></method><method name="doWithMainClasses" desc="(Ljava/util/jar/JarFile;Ljava/lang/String;Lorg/excellentcoder/gturbine/loader/tools/MainClassFinder$MainClassCallback;)Ljava/lang/Object;" line="212"><counter type="INSTRUCTION" missed="111" covered="0"/><counter type="BRANCH" missed="20" covered="0"/><counter type="LINE" missed="13" covered="0"/><counter type="COMPLEXITY" missed="11" covered="0"/><counter type="METHOD" missed="1" covered="0"/></method><method name="convertToClassName" desc="(Ljava/lang/String;Ljava/lang/String;)Ljava/lang/String;" line="230"><counter type="INSTRUCTION" missed="28" covered="0"/><counter type="BRANCH" missed="2" covered="0"/><counter type="LINE" missed="6" covered="0"/><counter type="COMPLEXITY" missed="2" covered="0"/><counter type="METHOD" missed="1" covered="0"/></method><method name="getClassEntries" desc="(Ljava/util/jar/JarFile;Ljava/lang/String;)Ljava/util/List;" line="240"><counter type="INSTRUCTION" missed="37" covered="0"/><counter type="BRANCH" missed="8" covered="0"/><counter type="LINE" missed="9" covered="0"/><counter type="COMPLEXITY" missed="5" covered="0"/><counter type="METHOD" missed="1" covered="0"/></method><method name="createClassDescriptor" desc="(Ljava/io/InputStream;)Lorg/excellentcoder/gturbine/loader/tools/MainClassFinder$ClassDescriptor;" line="254"><counter type="INSTRUCTION" missed="18" covered="0"/><counter type="LINE" missed="6" covered="0"/><counter type="COMPLEXITY" missed="1" covered="0"/><counter type="METHOD" missed="1" covered="0"/></method><method name="&lt;clinit&gt;" desc="()V" line="59"><counter type="INSTRUCTION" missed="17" covered="0"/><counter type="LINE" missed="4" covered="0"/><counter type="COMPLEXITY" missed="1" covered="0"/><counter type="METHOD" missed="1" covered="0"/></method><counter type="INSTRUCTION" missed="460" covered="0"/><counter type="BRANCH" missed="68" covered="0"/><counter type="LINE" missed="78" covered="0"/><counter type="COMPLEXITY" missed="50" covered="0"/><counter type="METHOD" missed="16" covered="0"/><counter type="CLASS" missed="1" covered="0"/></class><class name="org/excellentcoder/gturbine/loader/tools/LibraryScope$3"><method name="&lt;init&gt;" desc="()V" line="59"><counter type="INSTRUCTION" missed="3" covered="0"/><counter type="LINE" missed="1" covered="0"/><counter type="COMPLEXITY" missed="1" covered="0"/><counter type="METHOD" missed="1" covered="0"/></method><method name="toString" desc="()Ljava/lang/String;" line="63"><counter type="INSTRUCTION" missed="2" covered="0"/><counter type="LINE" missed="1" covered="0"/><counter type="COMPLEXITY" missed="1" covered="0"/><counter type="METHOD" missed="1" covered="0"/></method><counter type="INSTRUCTION" missed="5" covered="0"/><counter type="LINE" missed="2" covered="0"/><counter type="COMPLEXITY" missed="2" covered="0"/><counter type="METHOD" missed="2" covered="0"/><counter type="CLASS" missed="1" covered="0"/></class><class name="org/excellentcoder/gturbine/loader/tools/LibraryScope$4"><method name="&lt;init&gt;" desc="()V" line="71"><counter type="INSTRUCTION" missed="3" covered="0"/><counter type="LINE" missed="1" covered="0"/><counter type="COMPLEXITY" missed="1" covered="0"/><counter type="METHOD" missed="1" covered="0"/></method><method name="toString" desc="()Ljava/lang/String;" line="75"><counter type="INSTRUCTION" missed="2" covered="0"/><counter type="LINE" missed="1" covered="0"/><counter type="COMPLEXITY" missed="1" covered="0"/><counter type="METHOD" missed="1" covered="0"/></method><counter type="INSTRUCTION" missed="5" covered="0"/><counter type="LINE" missed="2" covered="0"/><counter type="COMPLEXITY" missed="2" covered="0"/><counter type="METHOD" missed="2" covered="0"/><counter type="CLASS" missed="1" covered="0"/></class><class name="org/excellentcoder/gturbine/loader/tools/LibraryScope$1"><method name="&lt;init&gt;" desc="()V" line="35"><counter type="INSTRUCTION" missed="3" covered="0"/><counter type="LINE" missed="1" covered="0"/><counter type="COMPLEXITY" missed="1" covered="0"/><counter type="METHOD" missed="1" covered="0"/></method><method name="toString" desc="()Ljava/lang/String;" line="39"><counter type="INSTRUCTION" missed="2" covered="0"/><counter type="LINE" missed="1" covered="0"/><counter type="COMPLEXITY" missed="1" covered="0"/><counter type="METHOD" missed="1" covered="0"/></method><counter type="INSTRUCTION" missed="5" covered="0"/><counter type="LINE" missed="2" covered="0"/><counter type="COMPLEXITY" missed="2" covered="0"/><counter type="METHOD" missed="2" covered="0"/><counter type="CLASS" missed="1" covered="0"/></class><class name="org/excellentcoder/gturbine/loader/tools/LibraryScope$2"><method name="&lt;init&gt;" desc="()V" line="47"><counter type="INSTRUCTION" missed="3" covered="0"/><counter type="LINE" missed="1" covered="0"/><counter type="COMPLEXITY" missed="1" covered="0"/><counter type="METHOD" missed="1" covered="0"/></method><method name="toString" desc="()Ljava/lang/String;" line="51"><counter type="INSTRUCTION" missed="2" covered="0"/><counter type="LINE" missed="1" covered="0"/><counter type="COMPLEXITY" missed="1" covered="0"/><counter type="METHOD" missed="1" covered="0"/></method><counter type="INSTRUCTION" missed="5" covered="0"/><counter type="LINE" missed="2" covered="0"/><counter type="COMPLEXITY" missed="2" covered="0"/><counter type="METHOD" missed="2" covered="0"/><counter type="CLASS" missed="1" covered="0"/></class><class name="org/excellentcoder/gturbine/loader/tools/Repackager$WritableLibraries"><method name="&lt;init&gt;" desc="(Lorg/excellentcoder/gturbine/loader/tools/Repackager;Lorg/excellentcoder/gturbine/loader/tools/Libraries;)V" line="416"><counter type="INSTRUCTION" missed="15" covered="0"/><counter type="LINE" missed="4" covered="0"/><counter type="COMPLEXITY" missed="1" covered="0"/><counter type="METHOD" missed="1" covered="0"/></method><method name="requiresUnpack" desc="(Ljava/lang/String;)Z" line="436"><counter type="INSTRUCTION" missed="15" covered="0"/><counter type="BRANCH" missed="4" covered="0"/><counter type="LINE" missed="2" covered="0"/><counter type="COMPLEXITY" missed="3" covered="0"/><counter type="METHOD" missed="1" covered="0"/></method><method name="sha1Hash" desc="(Ljava/lang/String;)Ljava/lang/String;" line="442"><counter type="INSTRUCTION" missed="26" covered="0"/><counter type="BRANCH" missed="2" covered="0"/><counter type="LINE" missed="4" covered="0"/><counter type="COMPLEXITY" missed="2" covered="0"/><counter type="METHOD" missed="1" covered="0"/></method><method name="write" desc="(Lorg/excellentcoder/gturbine/loader/tools/JarWriter;)V" line="450"><counter type="INSTRUCTION" missed="31" covered="0"/><counter type="BRANCH" missed="2" covered="0"/><counter type="LINE" missed="6" covered="0"/><counter type="COMPLEXITY" missed="2" covered="0"/><counter type="METHOD" missed="1" covered="0"/></method><method name="lambda$new$0" desc="(Lorg/excellentcoder/gturbine/loader/tools/Library;)V" line="420"><counter type="INSTRUCTION" missed="48" covered="0"/><counter type="BRANCH" missed="6" covered="0"/><counter type="LINE" missed="8" covered="0"/><counter type="COMPLEXITY" missed="4" covered="0"/><counter type="METHOD" missed="1" covered="0"/></method><counter type="INSTRUCTION" missed="135" covered="0"/><counter type="BRANCH" missed="14" covered="0"/><counter type="LINE" missed="24" covered="0"/><counter type="COMPLEXITY" missed="12" covered="0"/><counter type="METHOD" missed="5" covered="0"/><counter type="CLASS" missed="1" covered="0"/></class><class name="org/excellentcoder/gturbine/loader/tools/RunProcess"><method name="&lt;init&gt;" desc="([Ljava/lang/String;)V" line="53"><counter type="INSTRUCTION" missed="5" covered="0"/><counter type="LINE" missed="2" covered="0"/><counter type="COMPLEXITY" missed="1" covered="0"/><counter type="METHOD" missed="1" covered="0"/></method><method name="&lt;init&gt;" desc="(Ljava/io/File;[Ljava/lang/String;)V" line="63"><counter type="INSTRUCTION" missed="9" covered="0"/><counter type="LINE" missed="4" covered="0"/><counter type="COMPLEXITY" missed="1" covered="0"/><counter type="METHOD" missed="1" covered="0"/></method><method name="run" desc="(Z[Ljava/lang/String;)I" line="69"><counter type="INSTRUCTION" missed="7" covered="0"/><counter type="LINE" missed="1" covered="0"/><counter type="COMPLEXITY" missed="1" covered="0"/><counter type="METHOD" missed="1" covered="0"/></method><method name="run" desc="(ZLjava/util/Collection;Ljava/util/Map;)I" line="74"><counter type="INSTRUCTION" missed="89" covered="0"/><counter type="BRANCH" missed="10" covered="0"/><counter type="LINE" missed="18" covered="0"/><counter type="COMPLEXITY" missed="6" covered="0"/><counter type="METHOD" missed="1" covered="0"/></method><method name="getRunningProcess" desc="()Ljava/lang/Process;" line="108"><counter type="INSTRUCTION" missed="3" covered="0"/><counter type="LINE" missed="1" covered="0"/><counter type="COMPLEXITY" missed="1" covered="0"/><counter type="METHOD" missed="1" covered="0"/></method><method name="handleSigInt" desc="()Z" line="116"><counter type="INSTRUCTION" missed="8" covered="0"/><counter type="BRANCH" missed="2" covered="0"/><counter type="LINE" missed="3" covered="0"/><counter type="COMPLEXITY" missed="2" covered="0"/><counter type="METHOD" missed="1" covered="0"/></method><method name="allowChildToHandleSigInt" desc="()Z" line="123"><counter type="INSTRUCTION" missed="30" covered="0"/><counter type="BRANCH" missed="6" covered="0"/><counter type="LINE" missed="13" covered="0"/><counter type="COMPLEXITY" missed="4" covered="0"/><counter type="METHOD" missed="1" covered="0"/></method><method name="kill" desc="()V" line="146"><counter type="INSTRUCTION" missed="4" covered="0"/><counter type="LINE" missed="2" covered="0"/><counter type="COMPLEXITY" missed="1" covered="0"/><counter type="METHOD" missed="1" covered="0"/></method><method name="doKill" desc="()Z" line="151"><counter type="INSTRUCTION" missed="20" covered="0"/><counter type="BRANCH" missed="2" covered="0"/><counter type="LINE" missed="9" covered="0"/><counter type="COMPLEXITY" missed="2" covered="0"/><counter type="METHOD" missed="1" covered="0"/></method><method name="hasJustEnded" desc="()Z" line="166"><counter type="INSTRUCTION" missed="11" covered="0"/><counter type="BRANCH" missed="2" covered="0"/><counter type="LINE" missed="1" covered="0"/><counter type="COMPLEXITY" missed="2" covered="0"/><counter type="METHOD" missed="1" covered="0"/></method><counter type="INSTRUCTION" missed="186" covered="0"/><counter type="BRANCH" missed="22" covered="0"/><counter type="LINE" missed="54" covered="0"/><counter type="COMPLEXITY" missed="21" covered="0"/><counter type="METHOD" missed="10" covered="0"/><counter type="CLASS" missed="1" covered="0"/></class><class name="org/excellentcoder/gturbine/loader/tools/Layouts$None"><method name="&lt;init&gt;" desc="()V" line="107"><counter type="INSTRUCTION" missed="3" covered="0"/><counter type="LINE" missed="1" covered="0"/><counter type="COMPLEXITY" missed="1" covered="0"/><counter type="METHOD" missed="1" covered="0"/></method><method name="getLauncherClassName" desc="()Ljava/lang/String;" line="111"><counter type="INSTRUCTION" missed="2" covered="0"/><counter type="LINE" missed="1" covered="0"/><counter type="COMPLEXITY" missed="1" covered="0"/><counter type="METHOD" missed="1" covered="0"/></method><method name="isExecutable" desc="()Z" line="116"><counter type="INSTRUCTION" missed="2" covered="0"/><counter type="LINE" missed="1" covered="0"/><counter type="COMPLEXITY" missed="1" covered="0"/><counter type="METHOD" missed="1" covered="0"/></method><counter type="INSTRUCTION" missed="7" covered="0"/><counter type="LINE" missed="3" covered="0"/><counter type="COMPLEXITY" missed="3" covered="0"/><counter type="METHOD" missed="3" covered="0"/><counter type="CLASS" missed="1" covered="0"/></class><class name="org/excellentcoder/gturbine/loader/tools/Repackager$RenamingEntryTransformer"><method name="&lt;init&gt;" desc="(Ljava/lang/String;)V" line="368"><counter type="INSTRUCTION" missed="6" covered="0"/><counter type="LINE" missed="3" covered="0"/><counter type="COMPLEXITY" missed="1" covered="0"/><counter type="METHOD" missed="1" covered="0"/></method><method name="transform" desc="(Lorg/apache/commons/compress/archivers/jar/JarArchiveEntry;)Lorg/apache/commons/compress/archivers/jar/JarArchiveEntry;" line="374"><counter type="INSTRUCTION" missed="108" covered="0"/><counter type="BRANCH" missed="22" covered="0"/><counter type="LINE" missed="24" covered="0"/><counter type="COMPLEXITY" missed="12" covered="0"/><counter type="METHOD" missed="1" covered="0"/></method><counter type="INSTRUCTION" missed="114" covered="0"/><counter type="BRANCH" missed="22" covered="0"/><counter type="LINE" missed="27" covered="0"/><counter type="COMPLEXITY" missed="13" covered="0"/><counter type="METHOD" missed="2" covered="0"/><counter type="CLASS" missed="1" covered="0"/></class><class name="org/excellentcoder/gturbine/loader/tools/DefaultLayoutFactory"><method name="&lt;init&gt;" desc="()V" line="27"><counter type="INSTRUCTION" missed="3" covered="0"/><counter type="LINE" missed="1" covered="0"/><counter type="COMPLEXITY" missed="1" covered="0"/><counter type="METHOD" missed="1" covered="0"/></method><method name="getLayout" desc="(Ljava/io/File;)Lorg/excellentcoder/gturbine/loader/tools/Layout;" line="31"><counter type="INSTRUCTION" missed="3" covered="0"/><counter type="LINE" missed="1" covered="0"/><counter type="COMPLEXITY" missed="1" covered="0"/><counter type="METHOD" missed="1" covered="0"/></method><counter type="INSTRUCTION" missed="6" covered="0"/><counter type="LINE" missed="2" covered="0"/><counter type="COMPLEXITY" missed="2" covered="0"/><counter type="METHOD" missed="2" covered="0"/><counter type="CLASS" missed="1" covered="0"/></class><class name="org/excellentcoder/gturbine/loader/tools/JavaExecutable"><method name="&lt;init&gt;" desc="()V" line="36"><counter type="INSTRUCTION" missed="15" covered="0"/><counter type="LINE" missed="5" covered="0"/><counter type="COMPLEXITY" missed="1" covered="0"/><counter type="METHOD" missed="1" covered="0"/></method><method name="findInJavaHome" desc="(Ljava/lang/String;)Ljava/io/File;" line="44"><counter type="INSTRUCTION" missed="33" covered="0"/><counter type="BRANCH" missed="2" covered="0"/><counter type="LINE" missed="5" covered="0"/><counter type="COMPLEXITY" missed="2" covered="0"/><counter type="METHOD" missed="1" covered="0"/></method><method name="processBuilder" desc="([Ljava/lang/String;)Ljava/lang/ProcessBuilder;" line="57"><counter type="INSTRUCTION" missed="19" covered="0"/><counter type="LINE" missed="3" covered="0"/><counter type="COMPLEXITY" missed="1" covered="0"/><counter type="METHOD" missed="1" covered="0"/></method><method name="toString" desc="()Ljava/lang/String;" line="65"><counter type="INSTRUCTION" missed="10" covered="0"/><counter type="LINE" missed="3" covered="0"/><counter type="COMPLEXITY" missed="1" covered="0"/><counter type="METHOD" missed="1" covered="0"/></method><method name="lambda$findInJavaHome$5" desc="(Ljava/lang/String;)Ljava/lang/String;" line="47"><counter type="INSTRUCTION" missed="9" covered="0"/><counter type="LINE" missed="1" covered="0"/><counter type="COMPLEXITY" missed="1" covered="0"/><counter type="METHOD" missed="1" covered="0"/></method><counter type="INSTRUCTION" missed="86" covered="0"/><counter type="BRANCH" missed="2" covered="0"/><counter type="LINE" missed="16" covered="0"/><counter type="COMPLEXITY" missed="6" covered="0"/><counter type="METHOD" missed="5" covered="0"/><counter type="CLASS" missed="1" covered="0"/></class><class name="org/excellentcoder/gturbine/loader/tools/BuildPropertiesWriter$NullAdditionalPropertyValueException"><method name="&lt;init&gt;" desc="(Ljava/lang/String;)V" line="158"><counter type="INSTRUCTION" missed="13" covered="0"/><counter type="LINE" missed="2" covered="0"/><counter type="COMPLEXITY" missed="1" covered="0"/><counter type="METHOD" missed="1" covered="0"/></method><counter type="INSTRUCTION" missed="13" covered="0"/><counter type="LINE" missed="2" covered="0"/><counter type="COMPLEXITY" missed="1" covered="0"/><counter type="METHOD" missed="1" covered="0"/><counter type="CLASS" missed="1" covered="0"/></class><class name="org/excellentcoder/gturbine/loader/tools/JarWriter$IdentityEntryTransformer"><method name="&lt;init&gt;" desc="()V" line="456"><counter type="INSTRUCTION" missed="3" covered="0"/><counter type="LINE" missed="1" covered="0"/><counter type="COMPLEXITY" missed="1" covered="0"/><counter type="METHOD" missed="1" covered="0"/></method><method name="transform" desc="(Lorg/apache/commons/compress/archivers/jar/JarArchiveEntry;)Lorg/apache/commons/compress/archivers/jar/JarArchiveEntry;" line="460"><counter type="INSTRUCTION" missed="2" covered="0"/><counter type="LINE" missed="1" covered="0"/><counter type="COMPLEXITY" missed="1" covered="0"/><counter type="METHOD" missed="1" covered="0"/></method><counter type="INSTRUCTION" missed="5" covered="0"/><counter type="LINE" missed="2" covered="0"/><counter type="COMPLEXITY" missed="2" covered="0"/><counter type="METHOD" missed="2" covered="0"/><counter type="CLASS" missed="1" covered="0"/></class><class name="org/excellentcoder/gturbine/loader/tools/BuildPropertiesWriter$ProjectDetails"><method name="&lt;init&gt;" desc="(Ljava/lang/String;Ljava/lang/String;Ljava/lang/String;Ljava/lang/String;Ljava/time/Instant;Ljava/util/Map;)V" line="106"><counter type="INSTRUCTION" missed="23" covered="0"/><counter type="LINE" missed="9" covered="0"/><counter type="COMPLEXITY" missed="1" covered="0"/><counter type="METHOD" missed="1" covered="0"/></method><method name="validateAdditionalProperties" desc="(Ljava/util/Map;)V" line="117"><counter type="INSTRUCTION" missed="6" covered="0"/><counter type="BRANCH" missed="2" covered="0"/><counter type="LINE" missed="3" covered="0"/><counter type="COMPLEXITY" missed="2" covered="0"/><counter type="METHOD" missed="1" covered="0"/></method><method name="getGroup" desc="()Ljava/lang/String;" line="127"><counter type="INSTRUCTION" missed="3" covered="0"/><counter type="LINE" missed="1" covered="0"/><counter type="COMPLEXITY" missed="1" covered="0"/><counter type="METHOD" missed="1" covered="0"/></method><method name="getArtifact" desc="()Ljava/lang/String;" line="131"><counter type="INSTRUCTION" missed="3" covered="0"/><counter type="LINE" missed="1" covered="0"/><counter type="COMPLEXITY" missed="1" covered="0"/><counter type="METHOD" missed="1" covered="0"/></method><method name="getName" desc="()Ljava/lang/String;" line="135"><counter type="INSTRUCTION" missed="3" covered="0"/><counter type="LINE" missed="1" covered="0"/><counter type="COMPLEXITY" missed="1" covered="0"/><counter type="METHOD" missed="1" covered="0"/></method><method name="getVersion" desc="()Ljava/lang/String;" line="139"><counter type="INSTRUCTION" missed="3" covered="0"/><counter type="LINE" missed="1" covered="0"/><counter type="COMPLEXITY" missed="1" covered="0"/><counter type="METHOD" missed="1" covered="0"/></method><method name="getTime" desc="()Ljava/time/Instant;" line="143"><counter type="INSTRUCTION" missed="3" covered="0"/><counter type="LINE" missed="1" covered="0"/><counter type="COMPLEXITY" missed="1" covered="0"/><counter type="METHOD" missed="1" covered="0"/></method><method name="getAdditionalProperties" desc="()Ljava/util/Map;" line="147"><counter type="INSTRUCTION" missed="3" covered="0"/><counter type="LINE" missed="1" covered="0"/><counter type="COMPLEXITY" missed="1" covered="0"/><counter type="METHOD" missed="1" covered="0"/></method><method name="lambda$validateAdditionalProperties$3" desc="(Ljava/lang/String;Ljava/lang/String;)V" line="119"><counter type="INSTRUCTION" missed="8" covered="0"/><counter type="BRANCH" missed="2" covered="0"/><counter type="LINE" missed="3" covered="0"/><counter type="COMPLEXITY" missed="2" covered="0"/><counter type="METHOD" missed="1" covered="0"/></method><counter type="INSTRUCTION" missed="55" covered="0"/><counter type="BRANCH" missed="4" covered="0"/><counter type="LINE" missed="21" covered="0"/><counter type="COMPLEXITY" missed="11" covered="0"/><counter type="METHOD" missed="9" covered="0"/><counter type="CLASS" missed="1" covered="0"/></class><class name="org/excellentcoder/gturbine/loader/tools/Layouts"><method name="&lt;init&gt;" desc="()V" line="35"><counter type="INSTRUCTION" missed="3" covered="0"/><counter type="LINE" missed="2" covered="0"/><counter type="COMPLEXITY" missed="1" covered="0"/><counter type="METHOD" missed="1" covered="0"/></method><method name="forFile" desc="(Ljava/io/File;)Lorg/excellentcoder/gturbine/loader/tools/Layout;" line="44"><counter type="INSTRUCTION" missed="53" covered="0"/><counter type="BRANCH" missed="10" covered="0"/><counter type="LINE" missed="10" covered="0"/><counter type="COMPLEXITY" missed="6" covered="0"/><counter type="METHOD" missed="1" covered="0"/></method><counter type="INSTRUCTION" missed="56" covered="0"/><counter type="BRANCH" missed="10" covered="0"/><counter type="LINE" missed="12" covered="0"/><counter type="COMPLEXITY" missed="7" covered="0"/><counter type="METHOD" missed="2" covered="0"/><counter type="CLASS" missed="1" covered="0"/></class><class name="org/excellentcoder/gturbine/loader/tools/JarWriter$NeverUnpackHandler"><method name="&lt;init&gt;" desc="()V" line="477"><counter type="INSTRUCTION" missed="3" covered="0"/><counter type="LINE" missed="1" covered="0"/><counter type="COMPLEXITY" missed="1" covered="0"/><counter type="METHOD" missed="1" covered="0"/></method><method name="requiresUnpack" desc="(Ljava/lang/String;)Z" line="481"><counter type="INSTRUCTION" missed="2" covered="0"/><counter type="LINE" missed="1" covered="0"/><counter type="COMPLEXITY" missed="1" covered="0"/><counter type="METHOD" missed="1" covered="0"/></method><method name="sha1Hash" desc="(Ljava/lang/String;)Ljava/lang/String;" line="486"><counter type="INSTRUCTION" missed="4" covered="0"/><counter type="LINE" missed="1" covered="0"/><counter type="COMPLEXITY" missed="1" covered="0"/><counter type="METHOD" missed="1" covered="0"/></method><counter type="INSTRUCTION" missed="9" covered="0"/><counter type="LINE" missed="3" covered="0"/><counter type="COMPLEXITY" missed="3" covered="0"/><counter type="METHOD" missed="3" covered="0"/><counter type="CLASS" missed="1" covered="0"/></class><class name="org/excellentcoder/gturbine/loader/tools/SignalUtils"><method name="&lt;init&gt;" desc="()V" line="32"><counter type="INSTRUCTION" missed="3" covered="0"/><counter type="LINE" missed="2" covered="0"/><counter type="COMPLEXITY" missed="1" covered="0"/><counter type="METHOD" missed="1" covered="0"/></method><method name="attachSignalHandler" desc="(Ljava/lang/Runnable;)V" line="40"><counter type="INSTRUCTION" missed="6" covered="0"/><counter type="LINE" missed="2" covered="0"/><counter type="COMPLEXITY" missed="1" covered="0"/><counter type="METHOD" missed="1" covered="0"/></method><method name="lambda$attachSignalHandler$4" desc="(Ljava/lang/Runnable;Lsun/misc/Signal;)V" line="40"><counter type="INSTRUCTION" missed="3" covered="0"/><counter type="LINE" missed="1" covered="0"/><counter type="COMPLEXITY" missed="1" covered="0"/><counter type="METHOD" missed="1" covered="0"/></method><method name="&lt;clinit&gt;" desc="()V" line="30"><counter type="INSTRUCTION" missed="6" covered="0"/><counter type="LINE" missed="1" covered="0"/><counter type="COMPLEXITY" missed="1" covered="0"/><counter type="METHOD" missed="1" covered="0"/></method><counter type="INSTRUCTION" missed="18" covered="0"/><counter type="LINE" missed="5" covered="0"/><counter type="COMPLEXITY" missed="4" covered="0"/><counter type="METHOD" missed="4" covered="0"/><counter type="CLASS" missed="1" covered="0"/></class><class name="org/excellentcoder/gturbine/loader/tools/Layouts$Expanded"><method name="&lt;init&gt;" desc="()V" line="95"><counter type="INSTRUCTION" missed="3" covered="0"/><counter type="LINE" missed="1" covered="0"/><counter type="COMPLEXITY" missed="1" covered="0"/><counter type="METHOD" missed="1" covered="0"/></method><method name="getLauncherClassName" desc="()Ljava/lang/String;" line="99"><counter type="INSTRUCTION" missed="2" covered="0"/><counter type="LINE" missed="1" covered="0"/><counter type="COMPLEXITY" missed="1" covered="0"/><counter type="METHOD" missed="1" covered="0"/></method><counter type="INSTRUCTION" missed="5" covered="0"/><counter type="LINE" missed="2" covered="0"/><counter type="COMPLEXITY" missed="2" covered="0"/><counter type="METHOD" missed="2" covered="0"/><counter type="CLASS" missed="1" covered="0"/></class><class name="org/excellentcoder/gturbine/loader/tools/JarWriter$ZipHeaderPeekInputStream"><method name="&lt;init&gt;" desc="(Ljava/io/InputStream;)V" line="349"><counter type="INSTRUCTION" missed="24" covered="0"/><counter type="LINE" missed="5" covered="0"/><counter type="COMPLEXITY" missed="1" covered="0"/><counter type="METHOD" missed="1" covered="0"/></method><method name="read" desc="()I" line="357"><counter type="INSTRUCTION" missed="31" covered="0"/><counter type="BRANCH" missed="6" covered="0"/><counter type="LINE" missed="7" covered="0"/><counter type="COMPLEXITY" missed="4" covered="0"/><counter type="METHOD" missed="1" covered="0"/></method><method name="read" desc="([B)I" line="370"><counter type="INSTRUCTION" missed="7" covered="0"/><counter type="LINE" missed="1" covered="0"/><counter type="COMPLEXITY" missed="1" covered="0"/><counter type="METHOD" missed="1" covered="0"/></method><method name="read" desc="([BII)I" line="375"><counter type="INSTRUCTION" missed="55" covered="0"/><counter type="BRANCH" missed="10" covered="0"/><counter type="LINE" missed="11" covered="0"/><counter type="COMPLEXITY" missed="6" covered="0"/><counter type="METHOD" missed="1" covered="0"/></method><method name="hasZipHeader" desc="()Z" line="393"><counter type="INSTRUCTION" missed="5" covered="0"/><counter type="LINE" missed="1" covered="0"/><counter type="COMPLEXITY" missed="1" covered="0"/><counter type="METHOD" missed="1" covered="0"/></method><method name="readRemainder" desc="([BII)I" line="397"><counter type="INSTRUCTION" missed="16" covered="0"/><counter type="BRANCH" missed="2" covered="0"/><counter type="LINE" missed="4" covered="0"/><counter type="COMPLEXITY" missed="2" covered="0"/><counter type="METHOD" missed="1" covered="0"/></method><method name="&lt;clinit&gt;" desc="()V" line="338"><counter type="INSTRUCTION" missed="20" covered="0"/><counter type="LINE" missed="1" covered="0"/><counter type="COMPLEXITY" missed="1" covered="0"/><counter type="METHOD" missed="1" covered="0"/></method><counter type="INSTRUCTION" missed="158" covered="0"/><counter type="BRANCH" missed="18" covered="0"/><counter type="LINE" missed="30" covered="0"/><counter type="COMPLEXITY" missed="16" covered="0"/><counter type="METHOD" missed="7" covered="0"/><counter type="CLASS" missed="1" covered="0"/></class><class name="org/excellentcoder/gturbine/loader/tools/JarWriter"><method name="&lt;init&gt;" desc="(Ljava/io/File;)V" line="76"><counter type="INSTRUCTION" missed="5" covered="0"/><counter type="LINE" missed="2" covered="0"/><counter type="COMPLEXITY" missed="1" covered="0"/><counter type="METHOD" missed="1" covered="0"/></method><method name="&lt;init&gt;" desc="(Ljava/io/File;Lorg/excellentcoder/gturbine/loader/tools/LaunchScript;)V" line="67"><counter type="INSTRUCTION" missed="32" covered="0"/><counter type="BRANCH" missed="2" covered="0"/><counter type="LINE" missed="9" covered="0"/><counter type="COMPLEXITY" missed="2" covered="0"/><counter type="METHOD" missed="1" covered="0"/></method><method name="setExecutableFilePermission" desc="(Ljava/io/File;)V" line="99"><counter type="INSTRUCTION" missed="22" covered="0"/><counter type="LINE" missed="8" covered="0"/><counter type="COMPLEXITY" missed="1" covered="0"/><counter type="METHOD" missed="1" covered="0"/></method><method name="writeManifest" desc="(Ljava/util/jar/Manifest;)V" line="115"><counter type="INSTRUCTION" missed="14" covered="0"/><counter type="LINE" missed="3" covered="0"/><counter type="COMPLEXITY" missed="1" covered="0"/><counter type="METHOD" missed="1" covered="0"/></method><method name="writeEntries" desc="(Ljava/util/jar/JarFile;)V" line="125"><counter type="INSTRUCTION" missed="9" covered="0"/><counter type="LINE" missed="2" covered="0"/><counter type="COMPLEXITY" missed="1" covered="0"/><counter type="METHOD" missed="1" covered="0"/></method><method name="writeEntries" desc="(Ljava/util/jar/JarFile;Lorg/excellentcoder/gturbine/loader/tools/JarWriter$UnpackHandler;)V" line="129"><counter type="INSTRUCTION" missed="9" covered="0"/><counter type="LINE" missed="2" covered="0"/><counter type="COMPLEXITY" missed="1" covered="0"/><counter type="METHOD" missed="1" covered="0"/></method><method name="writeEntries" desc="(Ljava/util/jar/JarFile;Lorg/excellentcoder/gturbine/loader/tools/JarWriter$EntryTransformer;Lorg/excellentcoder/gturbine/loader/tools/JarWriter$UnpackHandler;)V" line="134"><counter type="INSTRUCTION" missed="81" covered="0"/><counter type="BRANCH" missed="12" covered="0"/><counter type="LINE" missed="13" covered="0"/><counter type="COMPLEXITY" missed="7" covered="0"/><counter type="METHOD" missed="1" covered="0"/></method><method name="setUpEntry" desc="(Ljava/util/jar/JarFile;Lorg/apache/commons/compress/archivers/jar/JarArchiveEntry;)V" line="150"><counter type="INSTRUCTION" missed="63" covered="0"/><counter type="BRANCH" missed="12" covered="0"/><counter type="LINE" missed="7" covered="0"/><counter type="COMPLEXITY" missed="7" covered="0"/><counter type="METHOD" missed="1" covered="0"/></method><method name="writeEntry" desc="(Ljava/lang/String;Ljava/io/InputStream;)V" line="168"><counter type="INSTRUCTION" missed="21" covered="0"/><counter type="LINE" missed="5" covered="0"/><counter type="COMPLEXITY" missed="1" covered="0"/><counter type="METHOD" missed="1" covered="0"/></method><method name="writeNestedLibrary" desc="(Ljava/lang/String;Lorg/excellentcoder/gturbine/loader/tools/Library;)V" line="183"><counter type="INSTRUCTION" missed="84" covered="0"/><counter type="BRANCH" missed="8" covered="0"/><counter type="LINE" missed="8" covered="0"/><counter type="COMPLEXITY" missed="5" covered="0"/><counter type="METHOD" missed="1" covered="0"/></method><method name="getNestedLibraryTime" desc="(Ljava/io/File;)J" line="194"><counter type="INSTRUCTION" missed="82" covered="0"/><counter type="BRANCH" missed="16" covered="0"/><counter type="LINE" missed="11" covered="0"/><counter type="COMPLEXITY" missed="9" covered="0"/><counter type="METHOD" missed="1" covered="0"/></method><method name="writeLoaderClasses" desc="()V" line="215"><counter type="INSTRUCTION" missed="4" covered="0"/><counter type="LINE" missed="2" covered="0"/><counter type="COMPLEXITY" missed="1" covered="0"/><counter type="METHOD" missed="1" covered="0"/></method><method name="writeLoaderClasses" desc="(Ljava/lang/String;)V" line="226"><counter type="INSTRUCTION" missed="76" covered="0"/><counter type="BRANCH" missed="12" covered="0"/><counter type="LINE" missed="8" covered="0"/><counter type="COMPLEXITY" missed="7" covered="0"/><counter type="METHOD" missed="1" covered="0"/></method><method name="close" desc="()V" line="244"><counter type="INSTRUCTION" missed="4" covered="0"/><counter type="LINE" missed="2" covered="0"/><counter type="COMPLEXITY" missed="1" covered="0"/><counter type="METHOD" missed="1" covered="0"/></method><method name="writeEntry" desc="(Lorg/apache/commons/compress/archivers/jar/JarArchiveEntry;Lorg/excellentcoder/gturbine/loader/tools/JarWriter$EntryWriter;)V" line="248"><counter type="INSTRUCTION" missed="6" covered="0"/><counter type="LINE" missed="2" covered="0"/><counter type="COMPLEXITY" missed="1" covered="0"/><counter type="METHOD" missed="1" covered="0"/></method><method name="writeEntry" desc="(Lorg/apache/commons/compress/archivers/jar/JarArchiveEntry;Lorg/excellentcoder/gturbine/loader/tools/JarWriter$EntryWriter;Lorg/excellentcoder/gturbine/loader/tools/JarWriter$UnpackHandler;)V" line="261"><counter type="INSTRUCTION" missed="73" covered="0"/><counter type="BRANCH" missed="10" covered="0"/><counter type="LINE" missed="16" covered="0"/><counter type="COMPLEXITY" missed="6" covered="0"/><counter type="METHOD" missed="1" covered="0"/></method><method name="addUnpackCommentIfNecessary" desc="(Lorg/apache/commons/compress/archivers/jar/JarArchiveEntry;Lorg/excellentcoder/gturbine/loader/tools/JarWriter$EntryWriter;Lorg/excellentcoder/gturbine/loader/tools/JarWriter$UnpackHandler;)Lorg/excellentcoder/gturbine/loader/tools/JarWriter$EntryWriter;" line="287"><counter type="INSTRUCTION" missed="38" covered="0"/><counter type="BRANCH" missed="4" covered="0"/><counter type="LINE" missed="6" covered="0"/><counter type="COMPLEXITY" missed="3" covered="0"/><counter type="METHOD" missed="1" covered="0"/></method><method name="&lt;clinit&gt;" desc="()V" line="59"><counter type="INSTRUCTION" missed="6" covered="0"/><counter type="LINE" missed="1" covered="0"/><counter type="COMPLEXITY" missed="1" covered="0"/><counter type="METHOD" missed="1" covered="0"/></method><counter type="INSTRUCTION" missed="629" covered="0"/><counter type="BRANCH" missed="76" covered="0"/><counter type="LINE" missed="107" covered="0"/><counter type="COMPLEXITY" missed="56" covered="0"/><counter type="METHOD" missed="18" covered="0"/><counter type="CLASS" missed="1" covered="0"/></class><class name="org/excellentcoder/gturbine/loader/tools/JarWriter$CrcAndSize"><method name="&lt;init&gt;" desc="(Ljava/io/File;)V" line="411"><counter type="INSTRUCTION" missed="55" covered="0"/><counter type="BRANCH" missed="8" covered="0"/><counter type="LINE" missed="6" covered="0"/><counter type="COMPLEXITY" missed="5" covered="0"/><counter type="METHOD" missed="1" covered="0"/></method><method name="&lt;init&gt;" desc="(Ljava/io/InputStream;)V" line="411"><counter type="INSTRUCTION" missed="11" covered="0"/><counter type="LINE" missed="4" covered="0"/><counter type="COMPLEXITY" missed="1" covered="0"/><counter type="METHOD" missed="1" covered="0"/></method><method name="load" desc="(Ljava/io/InputStream;)V" line="426"><counter type="INSTRUCTION" missed="25" covered="0"/><counter type="BRANCH" missed="2" covered="0"/><counter type="LINE" missed="5" covered="0"/><counter type="COMPLEXITY" missed="2" covered="0"/><counter type="METHOD" missed="1" covered="0"/></method><method name="setupStoredEntry" desc="(Lorg/apache/commons/compress/archivers/jar/JarArchiveEntry;)V" line="435"><counter type="INSTRUCTION" missed="17" covered="0"/><counter type="LINE" missed="5" covered="0"/><counter type="COMPLEXITY" missed="1" covered="0"/><counter type="METHOD" missed="1" covered="0"/></method><counter type="INSTRUCTION" missed="108" covered="0"/><counter type="BRANCH" missed="10" covered="0"/><counter type="LINE" missed="19" covered="0"/><counter type="COMPLEXITY" missed="9" covered="0"/><counter type="METHOD" missed="4" covered="0"/><counter type="CLASS" missed="1" covered="0"/></class><class name="org/excellentcoder/gturbine/loader/tools/DefaultLaunchScript"><method name="&lt;init&gt;" desc="(Ljava/io/File;Ljava/util/Map;)V" line="59"><counter type="INSTRUCTION" missed="13" covered="0"/><counter type="LINE" missed="4" covered="0"/><counter type="COMPLEXITY" missed="1" covered="0"/><counter type="METHOD" missed="1" covered="0"/></method><method name="loadContent" desc="(Ljava/io/File;)Ljava/lang/String;" line="65"><counter type="INSTRUCTION" missed="16" covered="0"/><counter type="BRANCH" missed="2" covered="0"/><counter type="LINE" missed="3" covered="0"/><counter type="COMPLEXITY" missed="2" covered="0"/><counter type="METHOD" missed="1" covered="0"/></method><method name="loadContent" desc="(Ljava/io/InputStream;)Ljava/lang/String;" line="73"><counter type="INSTRUCTION" missed="24" covered="0"/><counter type="LINE" missed="4" covered="0"/><counter type="COMPLEXITY" missed="1" covered="0"/><counter type="METHOD" missed="1" covered="0"/></method><method name="copy" desc="(Ljava/io/InputStream;Ljava/io/OutputStream;)V" line="82"><counter type="INSTRUCTION" missed="19" covered="0"/><counter type="BRANCH" missed="2" covered="0"/><counter type="LINE" missed="5" covered="0"/><counter type="COMPLEXITY" missed="2" covered="0"/><counter type="METHOD" missed="1" covered="0"/></method><method name="expandPlaceholders" desc="(Ljava/lang/String;Ljava/util/Map;)Ljava/lang/String;" line="91"><counter type="INSTRUCTION" missed="68" covered="0"/><counter type="BRANCH" missed="10" covered="0"/><counter type="LINE" missed="16" covered="0"/><counter type="COMPLEXITY" missed="6" covered="0"/><counter type="METHOD" missed="1" covered="0"/></method><method name="parseFilePropertyValue" desc="(Ljava/lang/Object;)Ljava/lang/String;" line="114"><counter type="INSTRUCTION" missed="16" covered="0"/><counter type="BRANCH" missed="2" covered="0"/><counter type="LINE" missed="3" covered="0"/><counter type="COMPLEXITY" missed="2" covered="0"/><counter type="METHOD" missed="1" covered="0"/></method><method name="toByteArray" desc="()[B" line="122"><counter type="INSTRUCTION" missed="5" covered="0"/><counter type="LINE" missed="1" covered="0"/><counter type="COMPLEXITY" missed="1" covered="0"/><counter type="METHOD" missed="1" covered="0"/></method><method name="&lt;clinit&gt;" desc="()V" line="45"><counter type="INSTRUCTION" missed="8" covered="0"/><counter type="LINE" missed="4" covered="0"/><counter type="COMPLEXITY" missed="1" covered="0"/><counter type="METHOD" missed="1" covered="0"/></method><counter type="INSTRUCTION" missed="169" covered="0"/><counter type="BRANCH" missed="16" covered="0"/><counter type="LINE" missed="40" covered="0"/><counter type="COMPLEXITY" missed="16" covered="0"/><counter type="METHOD" missed="8" covered="0"/><counter type="CLASS" missed="1" covered="0"/></class><class name="org/excellentcoder/gturbine/loader/tools/Library"><method name="&lt;init&gt;" desc="(Ljava/io/File;Lorg/excellentcoder/gturbine/loader/tools/LibraryScope;)V" line="44"><counter type="INSTRUCTION" missed="6" covered="0"/><counter type="LINE" missed="2" covered="0"/><counter type="COMPLEXITY" missed="1" covered="0"/><counter type="METHOD" missed="1" covered="0"/></method><method name="&lt;init&gt;" desc="(Ljava/io/File;Lorg/excellentcoder/gturbine/loader/tools/LibraryScope;Z)V" line="54"><counter type="INSTRUCTION" missed="7" covered="0"/><counter type="LINE" missed="2" covered="0"/><counter type="COMPLEXITY" missed="1" covered="0"/><counter type="METHOD" missed="1" covered="0"/></method><method name="&lt;init&gt;" desc="(Ljava/lang/String;Ljava/io/File;Lorg/excellentcoder/gturbine/loader/tools/LibraryScope;Z)V" line="65"><counter type="INSTRUCTION" missed="20" covered="0"/><counter type="BRANCH" missed="2" covered="0"/><counter type="LINE" missed="6" covered="0"/><counter type="COMPLEXITY" missed="2" covered="0"/><counter type="METHOD" missed="1" covered="0"/></method><method name="getName" desc="()Ljava/lang/String;" line="77"><counter type="INSTRUCTION" missed="3" covered="0"/><counter type="LINE" missed="1" covered="0"/><counter type="COMPLEXITY" missed="1" covered="0"/><counter type="METHOD" missed="1" covered="0"/></method><method name="getFile" desc="()Ljava/io/File;" line="85"><counter type="INSTRUCTION" missed="3" covered="0"/><counter type="LINE" missed="1" covered="0"/><counter type="COMPLEXITY" missed="1" covered="0"/><counter type="METHOD" missed="1" covered="0"/></method><method name="getScope" desc="()Lorg/excellentcoder/gturbine/loader/tools/LibraryScope;" line="93"><counter type="INSTRUCTION" missed="3" covered="0"/><counter type="LINE" missed="1" covered="0"/><counter type="COMPLEXITY" missed="1" covered="0"/><counter type="METHOD" missed="1" covered="0"/></method><method name="isUnpackRequired" desc="()Z" line="102"><counter type="INSTRUCTION" missed="3" covered="0"/><counter type="LINE" missed="1" covered="0"/><counter type="COMPLEXITY" missed="1" covered="0"/><counter type="METHOD" missed="1" covered="0"/></method><counter type="INSTRUCTION" missed="45" covered="0"/><counter type="BRANCH" missed="2" covered="0"/><counter type="LINE" missed="14" covered="0"/><counter type="COMPLEXITY" missed="8" covered="0"/><counter type="METHOD" missed="7" covered="0"/><counter type="CLASS" missed="1" covered="0"/></class><class name="org/excellentcoder/gturbine/loader/tools/Repackager"><method name="&lt;init&gt;" desc="(Ljava/io/File;)V" line="82"><counter type="INSTRUCTION" missed="5" covered="0"/><counter type="LINE" missed="2" covered="0"/><counter type="COMPLEXITY" missed="1" covered="0"/><counter type="METHOD" missed="1" covered="0"/></method><method name="&lt;init&gt;" desc="(Ljava/io/File;Lorg/excellentcoder/gturbine/loader/tools/LayoutFactory;)V" line="69"><counter type="INSTRUCTION" missed="44" covered="0"/><counter type="BRANCH" missed="6" covered="0"/><counter type="LINE" missed="11" covered="0"/><counter type="COMPLEXITY" missed="4" covered="0"/><counter type="METHOD" missed="1" covered="0"/></method><method name="addMainClassTimeoutWarningListener" desc="(Lorg/excellentcoder/gturbine/loader/tools/Repackager$MainClassTimeoutWarningListener;)V" line="103"><counter type="INSTRUCTION" missed="6" covered="0"/><counter type="LINE" missed="2" covered="0"/><counter type="COMPLEXITY" missed="1" covered="0"/><counter type="METHOD" missed="1" covered="0"/></method><method name="setMainClass" desc="(Ljava/lang/String;)V" line="113"><counter type="INSTRUCTION" missed="4" covered="0"/><counter type="LINE" missed="2" covered="0"/><counter type="COMPLEXITY" missed="1" covered="0"/><counter type="METHOD" missed="1" covered="0"/></method><method name="setBackupSource" desc="(Z)V" line="121"><counter type="INSTRUCTION" missed="4" covered="0"/><counter type="LINE" missed="2" covered="0"/><counter type="COMPLEXITY" missed="1" covered="0"/><counter type="METHOD" missed="1" covered="0"/></method><method name="setLayout" desc="(Lorg/excellentcoder/gturbine/loader/tools/Layout;)V" line="129"><counter type="INSTRUCTION" missed="11" covered="0"/><counter type="BRANCH" missed="2" covered="0"/><counter type="LINE" missed="4" covered="0"/><counter type="COMPLEXITY" missed="2" covered="0"/><counter type="METHOD" missed="1" covered="0"/></method><method name="setLayoutFactory" desc="(Lorg/excellentcoder/gturbine/loader/tools/LayoutFactory;)V" line="141"><counter type="INSTRUCTION" missed="4" covered="0"/><counter type="LINE" missed="2" covered="0"/><counter type="COMPLEXITY" missed="1" covered="0"/><counter type="METHOD" missed="1" covered="0"/></method><method name="repackage" desc="(Lorg/excellentcoder/gturbine/loader/tools/Libraries;)V" line="150"><counter type="INSTRUCTION" missed="6" covered="0"/><counter type="LINE" missed="2" covered="0"/><counter type="COMPLEXITY" missed="1" covered="0"/><counter type="METHOD" missed="1" covered="0"/></method><method name="repackage" desc="(Ljava/io/File;Lorg/excellentcoder/gturbine/loader/tools/Libraries;)V" line="161"><counter type="INSTRUCTION" missed="6" covered="0"/><counter type="LINE" missed="2" covered="0"/><counter type="COMPLEXITY" missed="1" covered="0"/><counter type="METHOD" missed="1" covered="0"/></method><method name="repackage" desc="(Ljava/io/File;Lorg/excellentcoder/gturbine/loader/tools/Libraries;Lorg/excellentcoder/gturbine/loader/tools/LaunchScript;)V" line="175"><counter type="INSTRUCTION" missed="138" covered="0"/><counter type="BRANCH" missed="30" covered="0"/><counter type="LINE" missed="21" covered="0"/><counter type="COMPLEXITY" missed="16" covered="0"/><counter type="METHOD" missed="1" covered="0"/></method><method name="getLayoutFactory" desc="()Lorg/excellentcoder/gturbine/loader/tools/LayoutFactory;" line="207"><counter type="INSTRUCTION" missed="31" covered="0"/><counter type="BRANCH" missed="6" covered="0"/><counter type="LINE" missed="7" covered="0"/><counter type="COMPLEXITY" missed="4" covered="0"/><counter type="METHOD" missed="1" covered="0"/></method><method name="getBackupFile" desc="()Ljava/io/File;" line="224"><counter type="INSTRUCTION" missed="17" covered="0"/><counter type="LINE" missed="1" covered="0"/><counter type="COMPLEXITY" missed="1" covered="0"/><counter type="METHOD" missed="1" covered="0"/></method><method name="alreadyRepackaged" desc="()Z" line="228"><counter type="INSTRUCTION" missed="60" covered="0"/><counter type="BRANCH" missed="12" covered="0"/><counter type="LINE" missed="4" covered="0"/><counter type="COMPLEXITY" missed="7" covered="0"/><counter type="METHOD" missed="1" covered="0"/></method><method name="repackage" desc="(Ljava/util/jar/JarFile;Ljava/io/File;Lorg/excellentcoder/gturbine/loader/tools/Libraries;Lorg/excellentcoder/gturbine/loader/tools/LaunchScript;)V" line="237"><counter type="INSTRUCTION" missed="85" covered="0"/><counter type="BRANCH" missed="10" covered="0"/><counter type="LINE" missed="11" covered="0"/><counter type="COMPLEXITY" missed="6" covered="0"/><counter type="METHOD" missed="1" covered="0"/></method><method name="writeLoaderClasses" desc="(Lorg/excellentcoder/gturbine/loader/tools/JarWriter;)V" line="253"><counter type="INSTRUCTION" missed="17" covered="0"/><counter type="BRANCH" missed="4" covered="0"/><counter type="LINE" missed="5" covered="0"/><counter type="COMPLEXITY" missed="3" covered="0"/><counter type="METHOD" missed="1" covered="0"/></method><method name="isZip" desc="(Ljava/io/File;)Z" line="262"><counter type="INSTRUCTION" missed="52" covered="0"/><counter type="BRANCH" missed="8" covered="0"/><counter type="LINE" missed="5" covered="0"/><counter type="COMPLEXITY" missed="5" covered="0"/><counter type="METHOD" missed="1" covered="0"/></method><method name="isZip" desc="(Ljava/io/InputStream;)Z" line="271"><counter type="INSTRUCTION" missed="24" covered="0"/><counter type="BRANCH" missed="4" covered="0"/><counter type="LINE" missed="4" covered="0"/><counter type="COMPLEXITY" missed="3" covered="0"/><counter type="METHOD" missed="1" covered="0"/></method><method name="buildManifest" desc="(Ljava/util/jar/JarFile;)Ljava/util/jar/Manifest;" line="280"><counter type="INSTRUCTION" missed="115" covered="0"/><counter type="BRANCH" missed="16" covered="0"/><counter type="LINE" missed="26" covered="0"/><counter type="COMPLEXITY" missed="9" covered="0"/><counter type="METHOD" missed="1" covered="0"/></method><method name="findMainMethodWithTimeoutWarning" desc="(Ljava/util/jar/JarFile;)Ljava/lang/String;" line="317"><counter type="INSTRUCTION" missed="32" covered="0"/><counter type="BRANCH" missed="4" covered="0"/><counter type="LINE" missed="8" covered="0"/><counter type="COMPLEXITY" missed="3" covered="0"/><counter type="METHOD" missed="1" covered="0"/></method><method name="findMainMethod" desc="(Ljava/util/jar/JarFile;)Ljava/lang/String;" line="329"><counter type="INSTRUCTION" missed="7" covered="0"/><counter type="LINE" missed="1" covered="0"/><counter type="COMPLEXITY" missed="1" covered="0"/><counter type="METHOD" missed="1" covered="0"/></method><method name="renameFile" desc="(Ljava/io/File;Ljava/io/File;)V" line="334"><counter type="INSTRUCTION" missed="23" covered="0"/><counter type="BRANCH" missed="2" covered="0"/><counter type="LINE" missed="3" covered="0"/><counter type="COMPLEXITY" missed="2" covered="0"/><counter type="METHOD" missed="1" covered="0"/></method><method name="deleteFile" desc="(Ljava/io/File;)V" line="340"><counter type="INSTRUCTION" missed="18" covered="0"/><counter type="BRANCH" missed="2" covered="0"/><counter type="LINE" missed="3" covered="0"/><counter type="COMPLEXITY" missed="2" covered="0"/><counter type="METHOD" missed="1" covered="0"/></method><method name="&lt;clinit&gt;" desc="()V" line="61"><counter type="INSTRUCTION" missed="24" covered="0"/><counter type="LINE" missed="3" covered="0"/><counter type="COMPLEXITY" missed="1" covered="0"/><counter type="METHOD" missed="1" covered="0"/></method><counter type="INSTRUCTION" missed="733" covered="0"/><counter type="BRANCH" missed="106" covered="0"/><counter type="LINE" missed="131" covered="0"/><counter type="COMPLEXITY" missed="76" covered="0"/><counter type="METHOD" missed="23" covered="0"/><counter type="CLASS" missed="1" covered="0"/></class><class name="org/excellentcoder/gturbine/loader/tools/MainClassFinder$MainClass"><method name="&lt;init&gt;" desc="(Ljava/lang/String;Ljava/util/Set;)V" line="359"><counter type="INSTRUCTION" missed="13" covered="0"/><counter type="LINE" missed="4" covered="0"/><counter type="COMPLEXITY" missed="1" covered="0"/><counter type="METHOD" missed="1" covered="0"/></method><method name="getName" desc="()Ljava/lang/String;" line="365"><counter type="INSTRUCTION" missed="3" covered="0"/><counter type="LINE" missed="1" covered="0"/><counter type="COMPLEXITY" missed="1" covered="0"/><counter type="METHOD" missed="1" covered="0"/></method><method name="getAnnotationNames" desc="()Ljava/util/Set;" line="369"><counter type="INSTRUCTION" missed="3" covered="0"/><counter type="LINE" missed="1" covered="0"/><counter type="COMPLEXITY" missed="1" covered="0"/><counter type="METHOD" missed="1" covered="0"/></method><method name="equals" desc="(Ljava/lang/Object;)Z" line="374"><counter type="INSTRUCTION" missed="29" covered="0"/><counter type="BRANCH" missed="8" covered="0"/><counter type="LINE" missed="10" covered="0"/><counter type="COMPLEXITY" missed="5" covered="0"/><counter type="METHOD" missed="1" covered="0"/></method><method name="hashCode" desc="()I" line="392"><counter type="INSTRUCTION" missed="4" covered="0"/><counter type="LINE" missed="1" covered="0"/><counter type="COMPLEXITY" missed="1" covered="0"/><counter type="METHOD" missed="1" covered="0"/></method><method name="toString" desc="()Ljava/lang/String;" line="397"><counter type="INSTRUCTION" missed="3" covered="0"/><counter type="LINE" missed="1" covered="0"/><counter type="COMPLEXITY" missed="1" covered="0"/><counter type="METHOD" missed="1" covered="0"/></method><counter type="INSTRUCTION" missed="55" covered="0"/><counter type="BRANCH" missed="8" covered="0"/><counter type="LINE" missed="18" covered="0"/><counter type="COMPLEXITY" missed="10" covered="0"/><counter type="METHOD" missed="6" covered="0"/><counter type="CLASS" missed="1" covered="0"/></class><class name="org/excellentcoder/gturbine/loader/tools/JarWriter$InputStreamEntryWriter"><method name="&lt;init&gt;" desc="(Ljava/io/InputStream;)V" line="317"><counter type="INSTRUCTION" missed="6" covered="0"/><counter type="LINE" missed="3" covered="0"/><counter type="COMPLEXITY" missed="1" covered="0"/><counter type="METHOD" missed="1" covered="0"/></method><method name="write" desc="(Ljava/io/OutputStream;)V" line="323"><counter type="INSTRUCTION" missed="20" covered="0"/><counter type="BRANCH" missed="2" covered="0"/><counter type="LINE" missed="5" covered="0"/><counter type="COMPLEXITY" missed="2" covered="0"/><counter type="METHOD" missed="1" covered="0"/></method><counter type="INSTRUCTION" missed="26" covered="0"/><counter type="BRANCH" missed="2" covered="0"/><counter type="LINE" missed="8" covered="0"/><counter type="COMPLEXITY" missed="3" covered="0"/><counter type="METHOD" missed="2" covered="0"/><counter type="CLASS" missed="1" covered="0"/></class><class name="org/excellentcoder/gturbine/loader/tools/MainClassFinder$ClassEntryComparator"><method name="&lt;init&gt;" desc="()V" line="264"><counter type="INSTRUCTION" missed="3" covered="0"/><counter type="LINE" missed="1" covered="0"/><counter type="COMPLEXITY" missed="1" covered="0"/><counter type="METHOD" missed="1" covered="0"/></method><method name="compare" desc="(Ljava/util/jar/JarEntry;Ljava/util/jar/JarEntry;)I" line="268"><counter type="INSTRUCTION" missed="24" covered="0"/><counter type="BRANCH" missed="2" covered="0"/><counter type="LINE" missed="6" covered="0"/><counter type="COMPLEXITY" missed="2" covered="0"/><counter type="METHOD" missed="1" covered="0"/></method><method name="getDepth" desc="(Ljava/util/jar/JarEntry;)I" line="278"><counter type="INSTRUCTION" missed="6" covered="0"/><counter type="LINE" missed="1" covered="0"/><counter type="COMPLEXITY" missed="1" covered="0"/><counter type="METHOD" missed="1" covered="0"/></method><counter type="INSTRUCTION" missed="33" covered="0"/><counter type="BRANCH" missed="2" covered="0"/><counter type="LINE" missed="8" covered="0"/><counter type="COMPLEXITY" missed="4" covered="0"/><counter type="METHOD" missed="3" covered="0"/><counter type="CLASS" missed="1" covered="0"/></class><class name="org/excellentcoder/gturbine/loader/tools/FileUtils"><method name="&lt;init&gt;" desc="()V" line="33"><counter type="INSTRUCTION" missed="3" covered="0"/><counter type="LINE" missed="1" covered="0"/><counter type="COMPLEXITY" missed="1" covered="0"/><counter type="METHOD" missed="1" covered="0"/></method><method name="removeDuplicatesFromOutputDirectory" desc="(Ljava/io/File;Ljava/io/File;)V" line="44"><counter type="INSTRUCTION" missed="47" covered="0"/><counter type="BRANCH" missed="10" covered="0"/><counter type="LINE" missed="8" covered="0"/><counter type="COMPLEXITY" missed="6" covered="0"/><counter type="METHOD" missed="1" covered="0"/></method><method name="sha1Hash" desc="(Ljava/io/File;)Ljava/lang/String;" line="67"><counter type="INSTRUCTION" missed="70" covered="0"/><counter type="BRANCH" missed="10" covered="0"/><counter type="LINE" missed="8" covered="0"/><counter type="COMPLEXITY" missed="6" covered="0"/><counter type="METHOD" missed="1" covered="0"/></method><method name="bytesToHex" desc="([B)Ljava/lang/String;" line="81"><counter type="INSTRUCTION" missed="35" covered="0"/><counter type="BRANCH" missed="2" covered="0"/><counter type="LINE" missed="4" covered="0"/><counter type="COMPLEXITY" missed="2" covered="0"/><counter type="METHOD" missed="1" covered="0"/></method><counter type="INSTRUCTION" missed="155" covered="0"/><counter type="BRANCH" missed="22" covered="0"/><counter type="LINE" missed="21" covered="0"/><counter type="COMPLEXITY" missed="15" covered="0"/><counter type="METHOD" missed="4" covered="0"/><counter type="CLASS" missed="1" covered="0"/></class><sourcefile name="BuildPropertiesWriter.java"><line nr="46" mi="2" ci="0" mb="0" cb="0"/><line nr="47" mi="3" ci="0" mb="0" cb="0"/><line nr="48" mi="1" ci="0" mb="0" cb="0"/><line nr="51" mi="4" ci="0" mb="0" cb="0"/><line nr="52" mi="4" ci="0" mb="0" cb="0"/><line nr="53" mi="13" ci="0" mb="0" cb="0"/><line nr="54" mi="4" ci="0" mb="0" cb="0"/><line nr="55" mi="32" ci="0" mb="8" cb="0"/><line nr="56" mi="1" ci="0" mb="0" cb="0"/><line nr="59" mi="3" ci="0" mb="2" cb="0"/><line nr="60" mi="1" ci="0" mb="0" cb="0"/><line nr="62" mi="3" ci="0" mb="0" cb="0"/><line nr="63" mi="6" ci="0" mb="4" cb="0"/><line nr="64" mi="9" ci="0" mb="0" cb="0"/><line nr="65" mi="7" ci="0" mb="0" cb="0"/><line nr="67" mi="3" ci="0" mb="2" cb="0"/><line nr="68" mi="9" ci="0" mb="0" cb="0"/><line nr="69" mi="7" ci="0" mb="0" cb="0"/><line nr="71" mi="1" ci="0" mb="0" cb="0"/><line nr="74" mi="3" ci="0" mb="0" cb="0"/><line nr="75" mi="6" ci="0" mb="0" cb="0"/><line nr="76" mi="6" ci="0" mb="0" cb="0"/><line nr="77" mi="6" ci="0" mb="0" cb="0"/><line nr="78" mi="6" ci="0" mb="0" cb="0"/><line nr="79" mi="3" ci="0" mb="2" cb="0"/><line nr="80" mi="8" ci="0" mb="0" cb="0"/><line nr="82" mi="3" ci="0" mb="2" cb="0"/><line nr="83" mi="18" ci="0" mb="0" cb="0"/><line nr="85" mi="2" ci="0" mb="0" cb="0"/><line nr="106" mi="2" ci="0" mb="0" cb="0"/><line nr="107" mi="3" ci="0" mb="0" cb="0"/><line nr="108" mi="3" ci="0" mb="0" cb="0"/><line nr="109" mi="3" ci="0" mb="0" cb="0"/><line nr="110" mi="3" ci="0" mb="0" cb="0"/><line nr="111" mi="3" ci="0" mb="0" cb="0"/><line nr="112" mi="2" ci="0" mb="0" cb="0"/><line nr="113" mi="3" ci="0" mb="0" cb="0"/><line nr="114" mi="1" ci="0" mb="0" cb="0"/><line nr="117" mi="2" ci="0" mb="2" cb="0"/><line nr="118" mi="3" ci="0" mb="0" cb="0"/><line nr="119" mi="2" ci="0" mb="2" cb="0"/><line nr="120" mi="5" ci="0" mb="0" cb="0"/><line nr="122" mi="1" ci="0" mb="0" cb="0"/><line nr="124" mi="1" ci="0" mb="0" cb="0"/><line nr="127" mi="3" ci="0" mb="0" cb="0"/><line nr="131" mi="3" ci="0" mb="0" cb="0"/><line nr="135" mi="3" ci="0" mb="0" cb="0"/><line nr="139" mi="3" ci="0" mb="0" cb="0"/><line nr="143" mi="3" ci="0" mb="0" cb="0"/><line nr="147" mi="3" ci="0" mb="0" cb="0"/><line nr="158" mi="12" ci="0" mb="0" cb="0"/><line nr="159" mi="1" ci="0" mb="0" cb="0"/><counter type="INSTRUCTION" missed="242" covered="0"/><counter type="BRANCH" missed="24" covered="0"/><counter type="LINE" missed="52" covered="0"/><counter type="COMPLEXITY" missed="27" covered="0"/><counter type="METHOD" missed="15" covered="0"/><counter type="CLASS" missed="3" covered="0"/></sourcefile><sourcefile name="Layouts.java"><line nr="35" mi="2" ci="0" mb="0" cb="0"/><line nr="36" mi="1" ci="0" mb="0" cb="0"/><line nr="44" mi="2" ci="0" mb="2" cb="0"/><line nr="45" mi="5" ci="0" mb="0" cb="0"/><line nr="47" mi="5" ci="0" mb="0" cb="0"/><line nr="48" mi="4" ci="0" mb="2" cb="0"/><line nr="49" mi="4" ci="0" mb="0" cb="0"/><line nr="51" mi="4" ci="0" mb="2" cb="0"/><line nr="52" mi="4" ci="0" mb="0" cb="0"/><line nr="54" mi="7" ci="0" mb="4" cb="0"/><line nr="55" mi="4" ci="0" mb="0" cb="0"/><line nr="57" mi="14" ci="0" mb="0" cb="0"/><line nr="63" mi="3" ci="0" mb="0" cb="0"/><line nr="67" mi="2" ci="0" mb="0" cb="0"/><line nr="72" mi="2" ci="0" mb="0" cb="0"/><line nr="77" mi="2" ci="0" mb="0" cb="0"/><line nr="82" mi="2" ci="0" mb="0" cb="0"/><line nr="87" mi="2" ci="0" mb="0" cb="0"/><line nr="95" mi="3" ci="0" mb="0" cb="0"/><line nr="99" mi="2" ci="0" mb="0" cb="0"/><line nr="107" mi="3" ci="0" mb="0" cb="0"/><line nr="111" mi="2" ci="0" mb="0" cb="0"/><line nr="116" mi="2" ci="0" mb="0" cb="0"/><line nr="124" mi="3" ci="0" mb="0" cb="0"/><line nr="129" mi="4" ci="0" mb="0" cb="0"/><line nr="130" mi="5" ci="0" mb="0" cb="0"/><line nr="131" mi="5" ci="0" mb="0" cb="0"/><line nr="132" mi="5" ci="0" mb="0" cb="0"/><line nr="133" mi="5" ci="0" mb="0" cb="0"/><line nr="134" mi="3" ci="0" mb="0" cb="0"/><line nr="135" mi="1" ci="0" mb="0" cb="0"/><line nr="139" mi="2" ci="0" mb="0" cb="0"/><line nr="144" mi="5" ci="0" mb="0" cb="0"/><line nr="149" mi="2" ci="0" mb="0" cb="0"/><line nr="154" mi="2" ci="0" mb="0" cb="0"/><counter type="INSTRUCTION" missed="123" covered="0"/><counter type="BRANCH" missed="10" covered="0"/><counter type="LINE" missed="35" covered="0"/><counter type="COMPLEXITY" missed="24" covered="0"/><counter type="METHOD" missed="19" covered="0"/><counter type="CLASS" missed="5" covered="0"/></sourcefile><sourcefile name="DefaultLayoutFactory.java"><line nr="27" mi="3" ci="0" mb="0" cb="0"/><line nr="31" mi="3" ci="0" mb="0" cb="0"/><counter type="INSTRUCTION" missed="6" covered="0"/><counter type="LINE" missed="2" covered="0"/><counter type="COMPLEXITY" missed="2" covered="0"/><counter type="METHOD" missed="2" covered="0"/><counter type="CLASS" missed="1" covered="0"/></sourcefile><sourcefile name="JarWriter.java"><line nr="59" mi="6" ci="0" mb="0" cb="0"/><line nr="67" mi="5" ci="0" mb="0" cb="0"/><line nr="76" mi="4" ci="0" mb="0" cb="0"/><line nr="77" mi="1" ci="0" mb="0" cb="0"/><line nr="87" mi="2" ci="0" mb="0" cb="0"/><line nr="88" mi="5" ci="0" mb="0" cb="0"/><line nr="89" mi="2" ci="0" mb="2" cb="0"/><line nr="90" mi="4" ci="0" mb="0" cb="0"/><line nr="91" mi="3" ci="0" mb="0" cb="0"/><line nr="93" mi="6" ci="0" mb="0" cb="0"/><line nr="94" mi="4" ci="0" mb="0" cb="0"/><line nr="95" mi="1" ci="0" mb="0" cb="0"/><line nr="99" mi="3" ci="0" mb="0" cb="0"/><line nr="100" mi="5" ci="0" mb="0" cb="0"/><line nr="101" mi="3" ci="0" mb="0" cb="0"/><line nr="102" mi="4" ci="0" mb="0" cb="0"/><line nr="103" mi="4" ci="0" mb="0" cb="0"/><line nr="104" mi="1" ci="0" mb="0" cb="0"/><line nr="106" mi="1" ci="0" mb="0" cb="0"/><line nr="107" mi="1" ci="0" mb="0" cb="0"/><line nr="115" mi="5" ci="0" mb="0" cb="0"/><line nr="116" mi="8" ci="0" mb="0" cb="0"/><line nr="117" mi="1" ci="0" mb="0" cb="0"/><line nr="125" mi="8" ci="0" mb="0" cb="0"/><line nr="126" mi="1" ci="0" mb="0" cb="0"/><line nr="129" mi="8" ci="0" mb="0" cb="0"/><line nr="130" mi="1" ci="0" mb="0" cb="0"/><line nr="134" mi="3" ci="0" mb="0" cb="0"/><line nr="135" mi="3" ci="0" mb="2" cb="0"/><line nr="136" mi="7" ci="0" mb="0" cb="0"/><line nr="137" mi="4" ci="0" mb="0" cb="0"/><line nr="138" mi="11" ci="0" mb="0" cb="0"/><line nr="139" mi="3" ci="0" mb="0" cb="0"/><line nr="140" mi="5" ci="0" mb="0" cb="0"/><line nr="141" mi="4" ci="0" mb="0" cb="0"/><line nr="142" mi="2" ci="0" mb="2" cb="0"/><line nr="143" mi="5" ci="0" mb="0" cb="0"/><line nr="145" mi="32" ci="0" mb="8" cb="0"/><line nr="146" mi="1" ci="0" mb="0" cb="0"/><line nr="147" mi="1" ci="0" mb="0" cb="0"/><line nr="150" mi="11" ci="0" mb="0" cb="0"/><line nr="151" mi="3" ci="0" mb="0" cb="0"/><line nr="152" mi="6" ci="0" mb="4" cb="0"/><line nr="153" mi="7" ci="0" mb="0" cb="0"/><line nr="155" mi="3" ci="0" mb="0" cb="0"/><line nr="157" mi="32" ci="0" mb="8" cb="0"/><line nr="158" mi="1" ci="0" mb="0" cb="0"/><line nr="168" mi="5" ci="0" mb="0" cb="0"/><line nr="170" mi="7" ci="0" mb="0" cb="0"/><line nr="172" mi="7" ci="0" mb="0" cb="0"/><line nr="173" mi="1" ci="0" mb="0" cb="0"/><line nr="174" mi="1" ci="0" mb="0" cb="0"/><line nr="183" mi="3" ci="0" mb="0" cb="0"/><line nr="184" mi="13" ci="0" mb="0" cb="0"/><line nr="185" mi="5" ci="0" mb="0" cb="0"/><line nr="186" mi="6" ci="0" mb="0" cb="0"/><line nr="187" mi="12" ci="0" mb="0" cb="0"/><line nr="188" mi="12" ci="0" mb="0" cb="0"/><line nr="189" mi="32" ci="0" mb="8" cb="0"/><line nr="190" mi="1" ci="0" mb="0" cb="0"/><line nr="194" mi="12" ci="0" mb="0" cb="0"/><line nr="195" mi="3" ci="0" mb="0" cb="0"/><line nr="196" mi="3" ci="0" mb="2" cb="0"/><line nr="197" mi="4" ci="0" mb="0" cb="0"/><line nr="198" mi="3" ci="0" mb="2" cb="0"/><line nr="199" mi="3" ci="0" mb="0" cb="0"/><line nr="201" mi="1" ci="0" mb="0" cb="0"/><line nr="202" mi="48" ci="0" mb="12" cb="0"/><line nr="203" mi="1" ci="0" mb="0" cb="0"/><line nr="205" mi="1" ci="0" mb="0" cb="0"/><line nr="206" mi="3" ci="0" mb="0" cb="0"/><line nr="215" mi="3" ci="0" mb="0" cb="0"/><line nr="216" mi="1" ci="0" mb="0" cb="0"/><line nr="226" mi="6" ci="0" mb="0" cb="0"/><line nr="227" mi="12" ci="0" mb="0" cb="0"/><line nr="228" mi="4" ci="0" mb="0" cb="0"/><line nr="230" mi="5" ci="0" mb="2" cb="0"/><line nr="231" mi="5" ci="0" mb="2" cb="0"/><line nr="232" mi="11" ci="0" mb="0" cb="0"/><line nr="235" mi="32" ci="0" mb="8" cb="0"/><line nr="236" mi="1" ci="0" mb="0" cb="0"/><line nr="244" mi="3" ci="0" mb="0" cb="0"/><line nr="245" mi="1" ci="0" mb="0" cb="0"/><line nr="248" mi="5" ci="0" mb="0" cb="0"/><line nr="249" mi="1" ci="0" mb="0" cb="0"/><line nr="261" mi="3" ci="0" mb="0" cb="0"/><line nr="262" mi="4" ci="0" mb="2" cb="0"/><line nr="263" mi="8" ci="0" mb="0" cb="0"/><line nr="264" mi="4" ci="0" mb="0" cb="0"/><line nr="266" mi="3" ci="0" mb="0" cb="0"/><line nr="268" mi="5" ci="0" mb="2" cb="0"/><line nr="269" mi="9" ci="0" mb="0" cb="0"/><line nr="270" mi="3" ci="0" mb="2" cb="0"/><line nr="271" mi="8" ci="0" mb="0" cb="0"/><line nr="275" mi="6" ci="0" mb="2" cb="0"/><line nr="276" mi="6" ci="0" mb="0" cb="0"/><line nr="277" mi="4" ci="0" mb="0" cb="0"/><line nr="278" mi="2" ci="0" mb="2" cb="0"/><line nr="279" mi="4" ci="0" mb="0" cb="0"/><line nr="281" mi="3" ci="0" mb="0" cb="0"/><line nr="283" mi="1" ci="0" mb="0" cb="0"/><line nr="287" mi="7" ci="0" mb="4" cb="0"/><line nr="288" mi="2" ci="0" mb="0" cb="0"/><line nr="290" mi="4" ci="0" mb="0" cb="0"/><line nr="291" mi="3" ci="0" mb="0" cb="0"/><line nr="292" mi="13" ci="0" mb="0" cb="0"/><line nr="293" mi="9" ci="
[...]
r="317" mi="2" ci="0" mb="0" cb="0"/><line nr="318" mi="4" ci="0" mb="0" cb="0"/><line nr="319" mi="4" ci="0" mb="0" cb="0"/><line nr="320" mi="4" ci="0" mb="2" cb="0"/><line nr="321" mi="11" ci="0" mb="2" cb="0"/><line nr="322" mi="4" ci="0" mb="0" cb="0"/><line nr="323" mi="1" ci="0" mb="0" cb="0"/><line nr="325" mi="2" ci="0" mb="0" cb="0"/><line nr="329" mi="7" ci="0" mb="0" cb="0"/><line nr="334" mi="4" ci="0" mb="2" cb="0"/><line nr="335" mi="18" ci="0" mb="0" cb="0"/><line nr="337" mi="1" ci="0" mb="0" cb="0"/><line nr="340" mi="3" ci="0" mb="2" cb="0"/><line nr="341" mi="14" ci="0" mb="0" cb="0"/><line nr="343" mi="1" ci="0" mb="0" cb="0"/><line nr="368" mi="2" ci="0" mb="0" cb="0"/><line nr="369" mi="3" ci="0" mb="0" cb="0"/><line nr="370" mi="1" ci="0" mb="0" cb="0"/><line nr="374" mi="5" ci="0" mb="2" cb="0"/><line nr="375" mi="2" ci="0" mb="0" cb="0"/><line nr="377" mi="6" ci="0" mb="2" cb="0"/><line nr="378" mi="10" ci="0" mb="4" cb="0"/><line nr="380" mi="5" ci="0" mb="2" cb="0"/><line nr="381" mi="4" ci="0" mb="2" cb="0"/><line nr="382" mi="2" ci="0" mb="0" cb="0"/><line nr="384" mi="14" ci="0" mb="0" cb="0"/><line nr="385" mi="4" ci="0" mb="0" cb="0"/><line nr="386" mi="4" ci="0" mb="0" cb="0"/><line nr="387" mi="4" ci="0" mb="0" cb="0"/><line nr="388" mi="3" ci="0" mb="2" cb="0"/><line nr="389" mi="4" ci="0" mb="0" cb="0"/><line nr="391" mi="4" ci="0" mb="0" cb="0"/><line nr="392" mi="4" ci="0" mb="0" cb="0"/><line nr="393" mi="3" ci="0" mb="2" cb="0"/><line nr="394" mi="5" ci="0" mb="0" cb="0"/><line nr="396" mi="3" ci="0" mb="2" cb="0"/><line nr="397" mi="4" ci="0" mb="0" cb="0"/><line nr="399" mi="3" ci="0" mb="2" cb="0"/><line nr="400" mi="5" ci="0" mb="0" cb="0"/><line nr="402" mi="3" ci="0" mb="2" cb="0"/><line nr="403" mi="5" ci="0" mb="0" cb="0"/><line nr="405" mi="2" ci="0" mb="0" cb="0"/><line nr="416" mi="5" ci="0" mb="0" cb="0"/><line nr="418" mi="5" ci="0" mb="0" cb="0"/><line nr="419" mi="4" ci="0" mb="0" cb="0"/><line nr="420" mi="6" ci="0" mb="2" cb="0"/><line nr="421" mi="8" ci="0" mb="0" cb="0"/><line nr="422" mi="1" ci="0" mb="0" cb="0"/><line nr="423" mi="2" ci="0" mb="2" cb="0"/><line nr="424" mi="15" ci="0" mb="0" cb="0"/><line nr="426" mi="2" ci="0" mb="2" cb="0"/><line nr="427" mi="13" ci="0" mb="0" cb="0"/><line nr="431" mi="1" ci="0" mb="0" cb="0"/><line nr="432" mi="1" ci="0" mb="0" cb="0"/><line nr="436" mi="6" ci="0" mb="0" cb="0"/><line nr="437" mi="9" ci="0" mb="4" cb="0"/><line nr="442" mi="6" ci="0" mb="0" cb="0"/><line nr="443" mi="2" ci="0" mb="2" cb="0"/><line nr="444" mi="14" ci="0" mb="0" cb="0"/><line nr="446" mi="4" ci="0" mb="0" cb="0"/><line nr="450" mi="12" ci="0" mb="2" cb="0"/><line nr="451" mi="3" ci="0" mb="0" cb="0"/><line nr="452" mi="12" ci="0" mb="0" cb="0"/><line nr="453" mi="2" ci="0" mb="0" cb="0"/><line nr="454" mi="1" ci="0" mb="0" cb="0"/><line nr="455" mi="1" ci="0" mb="0" cb="0"/><counter type="INSTRUCTION" missed="982" covered="0"/><counter type="BRANCH" missed="142" covered="0"/><counter type="LINE" missed="182" covered="0"/><counter type="COMPLEXITY" missed="101" covered="0"/><counter type="METHOD" missed="30" covered="0"/><counter type="CLASS" missed="3" covered="0"/></sourcefile><sourcefile name="DefaultLaunchScript.java"><line nr="45" mi="1" ci="0" mb="0" cb="0"/><line nr="46" mi="2" ci="0" mb="0" cb="0"/><line nr="48" mi="4" ci="0" mb="0" cb="0"/><line nr="49" mi="1" ci="0" mb="0" cb="0"/><line nr="59" mi="2" ci="0" mb="0" cb="0"/><line nr="60" mi="4" ci="0" mb="0" cb="0"/><line nr="61" mi="6" ci="0" mb="0" cb="0"/><line nr="62" mi="1" ci="0" mb="0" cb="0"/><line nr="65" mi="2" ci="0" mb="2" cb="0"/><line nr="66" mi="7" ci="0" mb="0" cb="0"/><line nr="68" mi="7" ci="0" mb="0" cb="0"/><line nr="73" mi="4" ci="0" mb="0" cb="0"/><line nr="74" mi="4" ci="0" mb="0" cb="0"/><line nr="75" mi="7" ci="0" mb="0" cb="0"/><line nr="77" mi="9" ci="0" mb="0" cb="0"/><line nr="82" mi="3" ci="0" mb="0" cb="0"/><line nr="84" mi="7" ci="0" mb="2" cb="0"/><line nr="85" mi="6" ci="0" mb="0" cb="0"/><line nr="87" mi="2" ci="0" mb="0" cb="0"/><line nr="88" mi="1" ci="0" mb="0" cb="0"/><line nr="91" mi="4" ci="0" mb="0" cb="0"/><line nr="92" mi="4" ci="0" mb="0" cb="0"/><line nr="93" mi="3" ci="0" mb="2" cb="0"/><line nr="94" mi="4" ci="0" mb="0" cb="0"/><line nr="96" mi="4" ci="0" mb="0" cb="0"/><line nr="97" mi="6" ci="0" mb="4" cb="0"/><line nr="98" mi="4" ci="0" mb="0" cb="0"/><line nr="99" mi="4" ci="0" mb="2" cb="0"/><line nr="100" mi="5" ci="0" mb="0" cb="0"/><line nr="102" mi="3" ci="0" mb="0" cb="0"/><line nr="104" mi="1" ci="0" mb="0" cb="0"/><line nr="105" mi="10" ci="0" mb="2" cb="0"/><line nr="107" mi="8" ci="0" mb="0" cb="0"/><line nr="108" mi="1" ci="0" mb="0" cb="0"/><line nr="109" mi="4" ci="0" mb="0" cb="0"/><line nr="110" mi="3" ci="0" mb="0" cb="0"/><line nr="114" mi="3" ci="0" mb="2" cb="0"/><line nr="115" mi="5" ci="0" mb="0" cb="0"/><line nr="117" mi="8" ci="0" mb="0" cb="0"/><line nr="122" mi="5" ci="0" mb="0" cb="0"/><counter type="INSTRUCTION" missed="169" covered="0"/><counter type="BRANCH" missed="16" covered="0"/><counter type="LINE" missed="40" covered="0"/><counter type="COMPLEXITY" missed="16" covered="0"/><counter type="METHOD" missed="8" covered="0"/><counter type="CLASS" missed="1" covered="0"/></sourcefile><sourcefile name="Library.java"><line nr="44" mi="5" ci="0" mb="0" cb="0"/><line nr="45" mi="1" ci="0" mb="0" cb="0"/><line nr="54" mi="6" ci="0" mb="0" cb="0"/><line nr="55" mi="1" ci="0" mb="0" cb="0"/><line nr="65" mi="2" ci="0" mb="0" cb="0"/><line nr="66" mi="8" ci="0" mb="2" cb="0"/><line nr="67" mi="3" ci="0" mb="0" cb="0"/><line nr="68" mi="3" ci="0" mb="0" cb="0"/><line nr="69" mi="3" ci="0" mb="0" cb="0"/><line nr="70" mi="1" ci="0" mb="0" cb="0"/><line nr="77" mi="3" ci="0" mb="0" cb="0"/><line nr="85" mi="3" ci="0" mb="0" cb="0"/><line nr="93" mi="3" ci="0" mb="0" cb="0"/><line nr="102" mi="3" ci="0" mb="0" cb="0"/><counter type="INSTRUCTION" missed="45" covered="0"/><counter type="BRANCH" missed="2" covered="0"/><counter type="LINE" missed="14" covered="0"/><counter type="COMPLEXITY" missed="8" covered="0"/><counter type="METHOD" missed="7" covered="0"/><counter type="CLASS" missed="1" covered="0"/></sourcefile><sourcefile name="RunProcess.java"><line nr="53" mi="4" ci="0" mb="0" cb="0"/><line nr="54" mi="1" ci="0" mb="0" cb="0"/><line nr="63" mi="2" ci="0" mb="0" cb="0"/><line nr="64" mi="3" ci="0" mb="0" cb="0"/><line nr="65" mi="3" ci="0" mb="0" cb="0"/><line nr="66" mi="1" ci="0" mb="0" cb="0"/><line nr="69" mi="7" ci="0" mb="0" cb="0"/><line nr="74" mi="6" ci="0" mb="0" cb="0"/><line nr="75" mi="5" ci="0" mb="0" cb="0"/><line nr="76" mi="5" ci="0" mb="0" cb="0"/><line nr="77" mi="4" ci="0" mb="0" cb="0"/><line nr="78" mi="4" ci="0" mb="0" cb="0"/><line nr="79" mi="3" ci="0" mb="0" cb="0"/><line nr="81" mi="3" ci="0" mb="0" cb="0"/><line nr="82" mi="3" ci="0" mb="0" cb="0"/><line nr="83" mi="3" ci="0" mb="0" cb="0"/><line nr="84" mi="2" ci="0" mb="2" cb="0"/><line nr="86" mi="3" ci="0" mb="0" cb="0"/><line nr="88" mi="1" ci="0" mb="0" cb="0"/><line nr="89" mi="2" ci="0" mb="0" cb="0"/><line nr="90" mi="2" ci="0" mb="0" cb="0"/><line nr="93" mi="2" ci="0" mb="0" cb="0"/><line nr="96" mi="9" ci="0" mb="8" cb="0"/><line nr="97" mi="12" ci="0" mb="0" cb="0"/><line nr="98" mi="20" ci="0" mb="0" cb="0"/><line nr="108" mi="3" ci="0" mb="0" cb="0"/><line nr="116" mi="3" ci="0" mb="2" cb="0"/><line nr="117" mi="2" ci="0" mb="0" cb="0"/><line nr="119" mi="3" ci="0" mb="0" cb="0"/><line nr="123" mi="3" ci="0" mb="0" cb="0"/><line nr="124" mi="2" ci="0" mb="2" cb="0"/><line nr="125" mi="2" ci="0" mb="0" cb="0"/><line nr="127" mi="4" ci="0" mb="0" cb="0"/><line nr="128" mi="4" ci="0" mb="2" cb="0"/><line nr="129" mi="3" ci="0" mb="2" cb="0"/><line nr="130" mi="2" ci="0" mb="0" cb="0"/><line nr="133" mi="2" ci="0" mb="0" cb="0"/><line nr="134" mi="1" ci="0" mb="0" cb="0"/><line nr="135" mi="2" ci="0" mb="0" cb="0"/><line nr="136" mi="2" ci="0" mb="0" cb="0"/><line nr="137" mi="1" ci="0" mb="0" cb="0"/><line nr="139" mi="2" ci="0" mb="0" cb="0"/><line nr="146" mi="3" ci="0" mb="0" cb="0"/><line nr="147" mi="1" ci="0" mb="0" cb="0"/><line nr="151" mi="3" ci="0" mb="0" cb="0"/><line nr="152" mi="2" ci="0" mb="2" cb="0"/><line nr="154" mi="2" ci="0" mb="0" cb="0"/><line nr="155" mi="3" ci="0" mb="0" cb="0"/><line nr="156" mi="3" ci="0" mb="0" cb="0"/><line nr="157" mi="2" ci="0" mb="0" cb="0"/><line nr="158" mi="1" ci="0" mb="0" cb="0"/><line nr="159" mi="2" ci="0" mb="0" cb="0"/><line nr="162" mi="2" ci="0" mb="0" cb="0"/><line nr="166" mi="11" ci="0" mb="2" cb="0"/><counter type="INSTRUCTION" missed="186" covered="0"/><counter type="BRANCH" missed="22" covered="0"/><counter type="LINE" missed="54" covered="0"/><counter type="COMPLEXITY" missed="21" covered="0"/><counter type="METHOD" missed="10" covered="0"/><counter type="CLASS" missed="1" covered="0"/></sourcefile><sourcefile name="LibraryScope.java"><line nr="35" mi="7" ci="0" mb="0" cb="0"/><line nr="39" mi="2" ci="0" mb="0" cb="0"/><line nr="47" mi="7" ci="0" mb="0" cb="0"/><line nr="51" mi="2" ci="0" mb="0" cb="0"/><line nr="59" mi="7" ci="0" mb="0" cb="0"/><line nr="63" mi="2" ci="0" mb="0" cb="0"/><line nr="71" mi="8" ci="0" mb="0" cb="0"/><line nr="75" mi="2" ci="0" mb="0" cb="0"/><counter type="INSTRUCTION" missed="37" covered="0"/><counter type="LINE" missed="8" covered="0"/><counter type="COMPLEXITY" missed="9" covered="0"/><counter type="METHOD" missed="9" covered="0"/><counter type="CLASS" missed="5" covered="0"/></sourcefile><sourcefile name="SignalUtils.java"><line nr="30" mi="6" ci="0" mb="0" cb="0"/><line nr="32" mi="2" ci="0" mb="0" cb="0"/><line nr="33" mi="1" ci="0" mb="0" cb="0"/><line nr="40" mi="8" ci="0" mb="0" cb="0"/><line nr="41" mi="1" ci="0" mb="0" cb="0"/><counter type="INSTRUCTION" missed="18" covered="0"/><counter type="LINE" missed="5" covered="0"/><counter type="COMPLEXITY" missed="4" covered="0"/><counter type="METHOD" missed="4" covered="0"/><counter type="CLASS" missed="1" covered="0"/></sourcefile><sourcefile name="JavaExecutable.java"><line nr="36" mi="2" ci="0" mb="0" cb="0"/><line nr="37" mi="3" ci="0" mb="0" cb="0"/><line nr="38" mi="4" ci="0" mb="0" cb="0"/><line nr="40" mi="5" ci="0" mb="0" cb="0"/><line nr="41" mi="1" ci="0" mb="0" cb="0"/><line nr="44" mi="9" ci="0" mb="0" cb="0"/><line nr="45" mi="6" ci="0" mb="0" cb="0"/><line nr="46" mi="11" ci="0" mb="2" cb="0"/><line nr="47" mi="14" ci="0" mb="0" cb="0"/><line nr="48" mi="2" ci="0" mb="0" cb="0"/><line nr="57" mi="11" ci="0" mb="0" cb="0"/><line nr="58" mi="6" ci="0" mb="0" cb="0"/><line nr="59" mi="2" ci="0" mb="0" cb="0"/><line nr="65" mi="4" ci="0" mb="0" cb="0"/><line nr="66" mi="1" ci="0" mb="0" cb="0"/><line nr="67" mi="5" ci="0" mb="0" cb="0"/><counter type="INSTRUCTION" missed="86" covered="0"/><counter type="BRANCH" missed="2" covered="0"/><counter type="LINE" missed="16" covered="0"/><counter type="COMPLEXITY" missed="6" covered="0"/><counter type="METHOD" missed="5" covered="0"/><counter type="CLASS" missed="1" covered="0"/></sourcefile><sourcefile name="FileUtils.java"><line nr="33" mi="3" ci="0" mb="0" cb="0"/><line nr="44" mi="3" ci="0" mb="2" cb="0"/><line nr="45" mi="17" ci="0" mb="2" cb="0"/><line nr="46" mi="6" ci="0" mb="0" cb="0"/><line nr="47" mi="6" ci="0" mb="4" cb="0"/><line nr="48" mi="3" ci="0" mb="2" cb="0"/><line nr="49" mi="4" ci="0" mb="0" cb="0"/><line nr="51" mi="7" ci="0" mb="0" cb="0"/><line nr="57" mi="1" ci="0" mb="0" cb="0"/><line nr="67" mi="14" ci="0" mb="0" cb="0"/><line nr="68" mi="3" ci="0" mb="0" cb="0"/><line nr="69" mi="3" ci="0" mb="0" cb="0"/><line nr="70" mi="6" ci="0" mb="2" cb="0"/><line nr="73" mi="5" ci="0" mb="0" cb="0"/><line nr="74" mi="33" ci="0" mb="8" cb="0"/><line nr="75" mi="1" ci="0" mb="0" cb="0"/><line nr="76" mi="5" ci="0" mb="0" cb="0"/><line nr="81" mi="4" ci="0" mb="0" cb="0"/><line nr="82" mi="16" ci="0" mb="2" cb="0"/><line nr="83" mi="12" ci="0" mb="0" cb="0"/><line nr="85" mi="3" ci="0" mb="0" cb="0"/><counter type="INSTRUCTION" missed="155" covered="0"/><counter type="BRANCH" missed="22" covered="0"/><counter type="LINE" missed="21" covered="0"/><counter type="COMPLEXITY" missed="15" covered="0"/><counter type="METHOD" missed="4" covered="0"/><counter type="CLASS" missed="1" covered="0"/></sourcefile><sourcefile name="MainClassFinder.java"><line nr="55" mi="3" ci="0" mb="0" cb="0"/><line nr="59" mi="3" ci="0" mb="0" cb="0"/><line nr="61" mi="9" ci="0" mb="0" cb="0"/><line nr="65" mi="2" ci="0" mb="0" cb="0"/><line nr="67" mi="3" ci="0" mb="0" cb="0"/><line nr="70" mi="12" ci="0" mb="4" cb="0"/><line nr="74" mi="12" ci="0" mb="4" cb="0"/><line nr="84" mi="5" ci="0" mb="0" cb="0"/><line nr="94" mi="4" ci="0" mb="0" cb="0"/><line nr="108" mi="6" ci="0" mb="0" cb="0"/><line nr="109" mi="4" ci="0" mb="0" cb="0"/><line nr="110" mi="3" ci="0" mb="0" cb="0"/><line nr="123" mi="3" ci="0" mb="2" cb="0"/><line nr="124" mi="2" ci="0" mb="0" cb="0"/><line nr="126" mi="3" ci="0" mb="2" cb="0"/><line nr="127" mi="14" ci="0" mb="0" cb="0"/><line nr="129" mi="10" ci="0" mb="0" cb="0"/><line nr="130" mi="4" ci="0" mb="0" cb="0"/><line nr="131" mi="3" ci="0" mb="0" cb="0"/><line nr="132" mi="3" ci="0" mb="2" cb="0"/><line nr="133" mi="4" ci="0" mb="0" cb="0"/><line nr="134" mi="3" ci="0" mb="2" cb="0"/><line nr="135" mi="12" ci="0" mb="0" cb="0"/><line nr="136" mi="3" ci="0" mb="0" cb="0"/><line nr="137" mi="5" ci="0" mb="4" cb="0"/><line nr="138" mi="5" ci="0" mb="0" cb="0"/><line nr="139" mi="9" ci="0" mb="0" cb="0"/><line nr="140" mi="2" ci="0" mb="2" cb="0"/><line nr="141" mi="2" ci="0" mb="0" cb="0"/><line nr="144" mi="48" ci="0" mb="12" cb="0"/><line nr="146" mi="3" ci="0" mb="2" cb="0"/><line nr="147" mi="5" ci="0" mb="0" cb="0"/><line nr="148" mi="5" ci="0" mb="0" cb="0"/><line nr="150" mi="1" ci="0" mb="0" cb="0"/><line nr="151" mi="2" ci="0" mb="0" cb="0"/><line nr="155" mi="4" ci="0" mb="0" cb="0"/><line nr="156" mi="16" ci="0" mb="2" cb="0"/><line nr="157" mi="3" ci="0" mb="0" cb="0"/><line nr="159" mi="1" ci="0" mb="0" cb="0"/><line nr="169" mi="6" ci="0" mb="0" cb="0"/><line nr="180" mi="5" ci="0" mb="0" cb="0"/><line nr="196" mi="6" ci="0" mb="0" cb="0"/><line nr="197" mi="5" ci="0" mb="0" cb="0"/><line nr="198" mi="3" ci="0" mb="0" cb="0"/><line nr="212" mi="4" ci="0" mb="0" cb="0"/><line nr="213" mi="6" ci="0" mb="0" cb="0"/><line nr="214" mi="10" ci="0" mb="2" cb="0"/><line nr="215" mi="14" ci="0" mb="0" cb="0"/><line nr="216" mi="3" ci="0" mb="0" cb="0"/><line nr="217" mi="5" ci="0" mb="4" cb="0"/><line nr="218" mi="5" ci="0" mb="0" cb="0"/><line nr="219" mi="9" ci="0" mb="0" cb="0"/><line nr="220" mi="2" ci="0" mb="2" cb="0"/><line nr="221" mi="2" ci="0" mb="0" cb="0"/><line nr="224" mi="48" ci="0" mb="12" cb="0"/><line nr="225" mi="1" ci="0" mb="0" cb="0"/><line nr="226" mi="2" ci="0" mb="0" cb="0"/><line nr="230" mi="5" ci="0" mb="0" cb="0"/><line nr="231" mi="5" ci="0" mb="0" cb="0"/><line nr="232" mi="9" ci="0" mb="0" cb="0"/><line nr="233" mi="2" ci="0" mb="2" cb="0"/><line nr="234" mi="5" ci="0" mb="0" cb="0"/><line nr="236" mi="2" ci="0" mb="0" cb="0"/><line nr="240" mi="6" ci="0" mb="2" cb="0"/><line nr="241" mi="3" ci="0" mb="0" cb="0"/><line nr="242" mi="4" ci="0" mb="0" cb="0"/><line nr="243" mi="3" ci="0" mb="2" cb="0"/><line nr="244" mi="4" ci="0" mb="0" cb="0"/><line nr="245" mi="10" ci="0" mb="4" cb="0"/><line nr="246" mi="4" ci="0" mb="0" cb="0"/><line nr="248" mi="1" ci="0" mb="0" cb="0"/><line nr="249" mi="2" ci="0" mb="0" cb="0"/><line nr="254" mi="5" ci="0" mb="0" cb="0"/><line nr="255" mi="4" ci="0" mb="0" cb="0"/><line nr="256" mi="4" ci="0" mb="0" cb="0"/><line nr="257" mi="2" ci="0" mb="0" cb="0"/><line nr="259" mi="1" ci="0" mb="0" cb="0"/><line nr="260" mi="2" ci="0" mb="0" cb="0"/><line nr="264" mi="3" ci="0" mb="0" cb="0"/><line nr="268" mi="5" ci="0" mb="0" cb="0"/><line nr="269" mi="5" ci="0" mb="0" cb="0"/><line nr="270" mi="4" ci="0" mb="0" cb="0"/><line nr="271" mi="2" ci="0" mb="2" cb="0"/><line nr="272" mi="2" ci="0" mb="0" cb="0"/><line nr="274" mi="6" ci="0" mb="0" cb="0"/><line nr="278" mi="6" ci="0" mb="0" cb="0"/><line nr="285" mi="5" ci="0" mb="0" cb="0"/><line nr="290" mi="3" ci="0" mb="0" cb="0"/><line nr="291" mi="1" ci="0" mb="0" cb="0"/><line nr="295" mi="7" ci="0" mb="0" cb="0"/><line nr="296" mi="2" ci="0" mb="0" cb="0"/><line nr="301" mi="18" ci="0" mb="4" cb="0"/><line nr="302" mi="5" ci="0" mb="2" cb="0"/><line nr="303" mi="3" ci="0" mb="0" cb="0"/><line nr="305" mi="2" ci="0" mb="0" cb="0"/><line nr="309" mi="16" ci="0" mb="2" cb="0"/><line nr="310" mi="4" ci="0" mb="2" cb="0"/><line nr="311" mi="2" ci="0" mb="0" cb="0"/><line nr="314" mi="2" ci="0" mb="0" cb="0"/><line nr="318" mi="3" ci="0" mb="0" cb="0"/><line nr="322" mi="3" ci="0" mb="0" cb="0"/><line nr="359" mi="2" ci="0" mb="0" cb="0"/><line nr="360" mi="3" ci="0" mb="0" cb="0"/><line nr="361" mi="7" ci="0" mb="0" cb="0"/><line nr="362" mi="1" ci="0" mb="0" cb="0"/><line nr="365" mi="3" ci="0" mb="0" cb="0"/><line nr="369" mi="3" ci="0" mb="0" cb="0"/><line nr="374" mi="3" ci="0" mb="2" cb="0"/><line nr="375" mi="2" ci="0" mb="0" cb="0"/><line nr="377" mi="2" ci="0" mb="2" cb="0"/><line nr="378" mi="2" ci="0" mb="0" cb="0"/><line nr="380" mi="5" ci="0" mb="2" cb="0"/><line nr="381" mi="2" ci="0" mb="0" cb="0"/><line nr="383" mi="3" ci="0" mb="0" cb="0"/><line nr="384" mi="6" ci="0" mb="2" cb="0"/><line nr="385" mi="2" ci="0" mb="0" cb="0"/><line nr="387" mi="2" ci="0" mb="0" cb="0"/><line nr="392" mi="4" ci="0" mb="0" cb="0"/><line nr="397" mi="3" ci="0" mb="0" cb="0"/><line nr="408" mi="5" ci="0" mb="0" cb="0"/><line nr="412" mi="2" ci="0" mb="0" cb="0"/><line nr="413" mi="3" ci="0" mb="0" cb="0"/><line nr="414" mi="1" ci="0" mb="0" cb="0"/><line nr="418" mi="5" ci="0" mb="0" cb="0"/><line nr="419" mi="2" ci="0" mb="0" cb="0"/><line nr="423" mi="4" ci="0" mb="0" cb="0"/><line nr="424" mi="3" ci="0" mb="2" cb="0"/><line nr="425" mi="11" ci="0" mb="2" cb="0"/><line nr="426" mi="6" ci="0" mb="2" cb="0"/><line nr="427" mi="4" ci="0" mb="0" cb="0"/><line nr="429" mi="1" ci="0" mb="0" cb="0"/><line nr="431" mi="3" ci="0" mb="2" cb="0"/><line nr="432" mi="5" ci="0" mb="0" cb="0"/><line nr="434" mi="4" ci="0" mb="2" cb="0"/><line nr="435" mi="12" ci="0" mb="0" cb="0"/><line nr="438" mi="11" ci="0" mb="2" cb="0"/><counter type="INSTRUCTION" missed="706" covered="0"/><counter type="BRANCH" missed="100" covered="0"/><counter type="LINE" missed="136" covered="0"/><counter type="COMPLEXITY" missed="84" covered="0"/><counter type="METHOD" missed="34" covered="0"/><counter type="CLASS" missed="5" covered="0"/></sourcefile><sourcefile name="Libraries.java"><line nr="33" mi="3" ci="0" mb="0" cb="0"/><line nr="34" mi="1" ci="0" mb="0" cb="0"/><counter type="INSTRUCTION" missed="4" covered="0"/><counter type="LINE" missed="2" covered="0"/><counter type="COMPLEXITY" missed="2" covered="0"/><counter type="METHOD" missed="2" covered="0"/><counter type="CLASS" missed="1" covered="0"/></sourcefile><counter type="INSTRUCTION" missed="3709" covered="0"/><counter type="BRANCH" missed="446" covered="0"/><counter type="LINE" missed="741" covered="0"/><counter type="COMPLEXITY" missed="411" covered="0"/><counter type="METHOD" missed="188" covered="0"/><counter type="CLASS" missed="36" covered="0"/></package><counter type="INSTRUCTION" missed="3709" covered="0"/><counter type="BRANCH" missed="446" covered="0"/><counter type="LINE" missed="741" covered="0"/><counter type="COMPLEXITY" missed="411" covered="0"/><counter type="METHOD" missed="188" covered="0"/><counter type="CLASS" missed="36" covered="0"/></group><counter type="INSTRUCTION" missed="3709" covered="0"/><counter type="BRANCH" missed="446" covered="0"/><counter type="LINE" missed="741" covered="0"/><counter type="COMPLEXITY" missed="411" covered="0"/><counter type="METHOD" missed="188" covered="0"/><counter type="CLASS" missed="36" covered="0"/></report>